TN:
SF:app\+html.tsx
FN:7,Root
FNF:1
FNH:0
FNDA:0,Root
DA:8,0
DA:30,0
LF:2
LH:0
BRF:0
BRH:0
end_of_record
TN:
SF:app\+not-found.tsx
FN:6,NotFoundScreen
FNF:1
FNH:0
FNDA:0,NotFoundScreen
DA:7,0
DA:21,0
LF:2
LH:0
BRF:0
BRH:0
end_of_record
TN:
SF:app\_layout.tsx
FN:24,RootLayout
FN:31,(anonymous_1)
FN:35,(anonymous_2)
FN:48,RootLayoutNav
FNF:4
FNH:0
FNDA:0,RootLayout
FNDA:0,(anonymous_1)
FNDA:0,(anonymous_2)
FNDA:0,RootLayoutNav
DA:16,0
DA:22,0
DA:25,0
DA:31,0
DA:32,0
DA:35,0
DA:36,0
DA:37,0
DA:41,0
DA:42,0
DA:45,0
DA:49,0
DA:51,0
LF:13
LH:0
BRDA:32,0,0,0
BRDA:32,0,1,0
BRDA:36,1,0,0
BRDA:36,1,1,0
BRDA:41,2,0,0
BRDA:41,2,1,0
BRDA:52,3,0,0
BRDA:52,3,1,0
BRF:8
BRH:0
end_of_record
TN:
SF:app\index.tsx
FN:9,Index
FN:10,(anonymous_1)
FNF:2
FNH:0
FNDA:0,Index
FNDA:0,(anonymous_1)
DA:10,0
DA:12,0
DA:15,0
LF:3
LH:0
BRF:0
BRH:0
end_of_record
TN:
SF:app\modal.tsx
FN:7,ModalScreen
FNF:1
FNH:0
FNDA:0,ModalScreen
DA:8,0
DA:20,0
LF:2
LH:0
BRDA:15,0,0,0
BRDA:15,0,1,0
BRF:2
BRH:0
end_of_record
TN:
SF:app\(tabs)\_layout.tsx
FN:9,TabLayout
FN:35,(anonymous_1)
FN:46,(anonymous_2)
FN:58,(anonymous_3)
FN:70,(anonymous_4)
FN:82,(anonymous_5)
FNF:6
FNH:0
FNDA:0,TabLayout
FNDA:0,(anonymous_1)
FNDA:0,(anonymous_2)
FNDA:0,(anonymous_3)
FNDA:0,(anonymous_4)
FNDA:0,(anonymous_5)
DA:10,0
DA:36,0
DA:47,0
DA:59,0
DA:71,0
DA:83,0
LF:6
LH:0
BRDA:36,0,0,0
BRDA:36,0,1,0
BRDA:47,1,0,0
BRDA:47,1,1,0
BRDA:59,2,0,0
BRDA:59,2,1,0
BRDA:71,3,0,0
BRDA:71,3,1,0
BRDA:83,4,0,0
BRDA:83,4,1,0
BRF:10
BRH:0
end_of_record
TN:
SF:app\(tabs)\index.tsx
FN:30,TelaHome
FN:40,(anonymous_1)
FN:67,(anonymous_2)
FN:72,(anonymous_3)
FN:78,(anonymous_4)
FN:95,(anonymous_5)
FN:109,(anonymous_6)
FN:115,(anonymous_7)
FN:127,(anonymous_8)
FN:133,(anonymous_9)
FN:141,(anonymous_10)
FN:146,(anonymous_11)
FN:153,(anonymous_12)
FN:191,(anonymous_13)
FN:202,(anonymous_14)
FN:208,(anonymous_15)
FN:214,(anonymous_16)
FN:261,(anonymous_17)
FN:272,(anonymous_18)
FN:283,(anonymous_19)
FN:294,(anonymous_20)
FN:305,(anonymous_21)
FN:316,(anonymous_22)
FN:349,(anonymous_23)
FN:371,(anonymous_24)
FN:393,(anonymous_25)
FN:429,(anonymous_26)
FN:433,(anonymous_27)
FN:470,(anonymous_28)
FN:480,(anonymous_29)
FN:481,(anonymous_30)
FN:482,(anonymous_31)
FN:489,(anonymous_32)
FN:543,(anonymous_33)
FN:550,(anonymous_34)
FN:554,(anonymous_35)
FNF:36
FNH:0
FNDA:0,TelaHome
FNDA:0,(anonymous_1)
FNDA:0,(anonymous_2)
FNDA:0,(anonymous_3)
FNDA:0,(anonymous_4)
FNDA:0,(anonymous_5)
FNDA:0,(anonymous_6)
FNDA:0,(anonymous_7)
FNDA:0,(anonymous_8)
FNDA:0,(anonymous_9)
FNDA:0,(anonymous_10)
FNDA:0,(anonymous_11)
FNDA:0,(anonymous_12)
FNDA:0,(anonymous_13)
FNDA:0,(anonymous_14)
FNDA:0,(anonymous_15)
FNDA:0,(anonymous_16)
FNDA:0,(anonymous_17)
FNDA:0,(anonymous_18)
FNDA:0,(anonymous_19)
FNDA:0,(anonymous_20)
FNDA:0,(anonymous_21)
FNDA:0,(anonymous_22)
FNDA:0,(anonymous_23)
FNDA:0,(anonymous_24)
FNDA:0,(anonymous_25)
FNDA:0,(anonymous_26)
FNDA:0,(anonymous_27)
FNDA:0,(anonymous_28)
FNDA:0,(anonymous_29)
FNDA:0,(anonymous_30)
FNDA:0,(anonymous_31)
FNDA:0,(anonymous_32)
FNDA:0,(anonymous_33)
FNDA:0,(anonymous_34)
FNDA:0,(anonymous_35)
DA:31,0
DA:32,0
DA:33,0
DA:34,0
DA:35,0
DA:36,0
DA:37,0
DA:38,0
DA:40,0
DA:41,0
DA:42,0
DA:43,0
DA:45,0
DA:51,0
DA:57,0
DA:58,0
DA:59,0
DA:61,0
DA:63,0
DA:67,0
DA:68,0
DA:72,0
DA:73,0
DA:76,0
DA:77,0
DA:78,0
DA:79,0
DA:80,0
DA:81,0
DA:82,0
DA:84,0
DA:94,0
DA:95,0
DA:96,0
DA:97,0
DA:98,0
DA:99,0
DA:101,0
DA:105,0
DA:109,0
DA:110,0
DA:111,0
DA:114,0
DA:115,0
DA:116,0
DA:117,0
DA:118,0
DA:122,0
DA:127,0
DA:128,0
DA:129,0
DA:132,0
DA:133,0
DA:134,0
DA:135,0
DA:137,0
DA:141,0
DA:142,0
DA:143,0
DA:146,0
DA:147,0
DA:148,0
DA:149,0
DA:150,0
DA:153,0
DA:154,0
DA:155,0
DA:158,0
DA:159,0
DA:167,0
DA:191,0
DA:202,0
DA:209,0
DA:214,0
DA:261,0
DA:272,0
DA:283,0
DA:294,0
DA:305,0
DA:316,0
DA:349,0
DA:371,0
DA:393,0
DA:430,0
DA:433,0
DA:470,0
DA:481,0
DA:482,0
DA:483,0
DA:485,0
DA:489,0
DA:543,0
DA:551,0
DA:554,0
LF:94
LH:0
BRDA:76,0,0,0
BRDA:76,0,1,0
BRDA:80,1,0,0
BRDA:80,1,1,0
BRDA:81,2,0,0
BRDA:81,2,1,0
BRDA:82,3,0,0
BRDA:82,3,1,0
BRDA:85,4,0,0
BRDA:85,4,1,0
BRDA:85,4,2,0
BRDA:85,4,3,0
BRDA:94,5,0,0
BRDA:94,5,1,0
BRDA:94,6,0,0
BRDA:94,6,1,0
BRDA:96,7,0,0
BRDA:96,7,1,0
BRDA:98,8,0,0
BRDA:98,8,1,0
BRDA:110,9,0,0
BRDA:110,9,1,0
BRDA:116,10,0,0
BRDA:116,10,1,0
BRDA:117,11,0,0
BRDA:117,11,1,0
BRDA:118,12,0,0
BRDA:118,12,1,0
BRDA:119,13,0,0
BRDA:119,13,1,0
BRDA:119,14,0,0
BRDA:119,14,1,0
BRDA:119,15,0,0
BRDA:119,15,1,0
BRDA:122,16,0,0
BRDA:122,16,1,0
BRDA:122,16,2,0
BRDA:128,17,0,0
BRDA:128,17,1,0
BRDA:135,18,0,0
BRDA:135,18,1,0
BRDA:137,19,0,0
BRDA:137,19,1,0
BRDA:158,20,0,0
BRDA:158,20,1,0
BRDA:194,21,0,0
BRDA:194,21,1,0
BRDA:242,22,0,0
BRDA:242,22,1,0
BRDA:250,23,0,0
BRDA:250,23,1,0
BRDA:329,24,0,0
BRDA:329,24,1,0
BRDA:334,25,0,0
BRDA:334,25,1,0
BRDA:347,26,0,0
BRDA:347,26,1,0
BRDA:354,27,0,0
BRDA:354,27,1,0
BRDA:359,28,0,0
BRDA:359,28,1,0
BRDA:369,29,0,0
BRDA:369,29,1,0
BRDA:376,30,0,0
BRDA:376,30,1,0
BRDA:381,31,0,0
BRDA:381,31,1,0
BRDA:391,32,0,0
BRDA:391,32,1,0
BRDA:398,33,0,0
BRDA:398,33,1,0
BRDA:403,34,0,0
BRDA:403,34,1,0
BRDA:415,35,0,0
BRDA:415,35,1,0
BRDA:421,36,0,0
BRDA:421,36,1,0
BRDA:423,37,0,0
BRDA:423,37,1,0
BRDA:445,38,0,0
BRDA:445,38,1,0
BRDA:463,39,0,0
BRDA:463,39,1,0
BRDA:467,40,0,0
BRDA:467,40,1,0
BRDA:478,41,0,0
BRDA:478,41,1,0
BRDA:483,42,0,0
BRDA:483,42,1,0
BRDA:499,43,0,0
BRDA:499,43,1,0
BRDA:509,44,0,0
BRDA:509,44,1,0
BRDA:528,45,0,0
BRDA:528,45,1,0
BRDA:534,46,0,0
BRDA:534,46,1,0
BRDA:536,47,0,0
BRDA:536,47,1,0
BRDA:540,48,0,0
BRDA:540,48,1,0
BRDA:561,49,0,0
BRDA:561,49,1,0
BRF:103
BRH:0
end_of_record
TN:
SF:app\(tabs)\two.tsx
FN:6,TabTwoScreen
FNF:1
FNH:0
FNDA:0,TabTwoScreen
DA:7,0
DA:16,0
LF:2
LH:0
BRF:0
BRH:0
end_of_record
TN:
SF:app\account\index.tsx
FN:26,AccountScreen
FN:43,(anonymous_1)
FNF:2
FNH:0
FNDA:0,AccountScreen
FNDA:0,(anonymous_1)
DA:28,0
DA:30,0
DA:44,0
LF:3
LH:0
BRF:0
BRH:0
end_of_record
TN:
SF:app\account\components\AccountHeader.tsx
FN:15,(anonymous_0)
FNF:1
FNH:0
FNDA:0,(anonymous_0)
DA:15,0
DA:16,0
DA:27,0
LF:3
LH:0
BRF:0
BRH:0
end_of_record
TN:
SF:app\account\components\LogoutButton.tsx
FN:15,(anonymous_0)
FNF:1
FNH:0
FNDA:0,(anonymous_0)
DA:15,0
DA:16,0
DA:24,0
LF:3
LH:0
BRF:0
BRH:0
end_of_record
TN:
SF:app\account\components\SettingsSection.tsx
FN:16,(anonymous_0)
FN:17,(anonymous_1)
FN:27,(anonymous_2)
FNF:3
FNH:0
FNDA:0,(anonymous_0)
FNDA:0,(anonymous_1)
FNDA:0,(anonymous_2)
DA:16,0
DA:17,0
DA:19,0
DA:20,0
DA:23,0
DA:28,0
DA:55,0
LF:7
LH:0
BRDA:19,0,0,0
BRDA:19,0,1,0
BRDA:32,1,0,0
BRDA:32,1,1,0
BRF:4
BRH:0
end_of_record
TN:
SF:app\account\components\UserCard.tsx
FN:22,(anonymous_0)
FN:23,(anonymous_1)
FNF:2
FNH:0
FNDA:0,(anonymous_0)
FNDA:0,(anonymous_1)
DA:22,0
DA:23,0
DA:24,0
DA:25,0
DA:27,0
DA:29,0
DA:31,0
DA:33,0
DA:37,0
DA:55,0
LF:10
LH:0
BRDA:24,0,0,0
BRDA:24,0,1,0
BRDA:25,1,0,0
BRDA:25,1,1,0
BRDA:25,1,2,0
BRDA:25,1,3,0
BRDA:43,2,0,0
BRDA:43,2,1,0
BRDA:44,3,0,0
BRDA:44,3,1,0
BRDA:45,4,0,0
BRDA:45,4,1,0
BRF:12
BRH:0
end_of_record
TN:
SF:app\account\enderecos\index.tsx
FN:29,TelaEnderecos
FN:36,(anonymous_1)
FN:49,(anonymous_2)
FN:53,(anonymous_3)
FN:58,(anonymous_4)
FN:63,(anonymous_5)
FN:78,(anonymous_6)
FN:90,(anonymous_7)
FN:104,(anonymous_8)
FN:105,(anonymous_9)
FN:128,(anonymous_10)
FN:134,(anonymous_11)
FN:164,(anonymous_12)
FN:187,(anonymous_13)
FN:202,(anonymous_14)
FNF:15
FNH:0
FNDA:0,TelaEnderecos
FNDA:0,(anonymous_1)
FNDA:0,(anonymous_2)
FNDA:0,(anonymous_3)
FNDA:0,(anonymous_4)
FNDA:0,(anonymous_5)
FNDA:0,(anonymous_6)
FNDA:0,(anonymous_7)
FNDA:0,(anonymous_8)
FNDA:0,(anonymous_9)
FNDA:0,(anonymous_10)
FNDA:0,(anonymous_11)
FNDA:0,(anonymous_12)
FNDA:0,(anonymous_13)
FNDA:0,(anonymous_14)
DA:30,0
DA:31,0
DA:32,0
DA:33,0
DA:34,0
DA:36,0
DA:37,0
DA:38,0
DA:39,0
DA:40,0
DA:42,0
DA:43,0
DA:45,0
DA:49,0
DA:50,0
DA:53,0
DA:54,0
DA:55,0
DA:58,0
DA:59,0
DA:60,0
DA:63,0
DA:64,0
DA:65,0
DA:66,0
DA:67,0
DA:69,0
DA:70,0
DA:72,0
DA:74,0
DA:78,0
DA:79,0
DA:91,0
DA:92,0
DA:93,0
DA:94,0
DA:96,0
DA:104,0
DA:105,0
DA:106,0
DA:108,0
DA:110,0
DA:112,0
DA:116,0
DA:128,0
DA:134,0
DA:158,0
DA:164,0
DA:187,0
DA:203,0
DA:204,0
DA:213,0
LF:52
LH:0
BRDA:43,0,0,0
BRDA:43,0,1,0
BRDA:65,1,0,0
BRDA:65,1,1,0
BRDA:96,2,0,0
BRDA:96,2,1,0
BRDA:106,3,0,0
BRDA:106,3,1,0
BRDA:106,3,2,0
BRDA:145,4,0,0
BRDA:145,4,1,0
BRDA:173,5,0,0
BRDA:173,5,1,0
BRDA:178,6,0,0
BRDA:178,6,1,0
BRF:15
BRH:0
end_of_record
TN:
SF:app\account\hooks\useAccount.ts
FN:17,(anonymous_0)
FN:39,(anonymous_1)
FN:48,(anonymous_2)
FN:55,(anonymous_3)
FN:69,(anonymous_4)
FN:93,(anonymous_5)
FN:101,(anonymous_6)
FN:123,(anonymous_7)
FN:132,(anonymous_8)
FN:132,(anonymous_9)
FN:139,(anonymous_10)
FN:139,(anonymous_11)
FN:153,(anonymous_12)
FN:160,(anonymous_13)
FN:167,(anonymous_14)
FN:174,(anonymous_15)
FN:181,(anonymous_16)
FN:195,(anonymous_17)
FN:202,(anonymous_18)
FN:216,(anonymous_19)
FN:223,(anonymous_20)
FN:237,(anonymous_21)
FN:244,(anonymous_22)
FN:251,(anonymous_23)
FN:263,(anonymous_24)
FN:263,(anonymous_25)
FN:264,(anonymous_26)
FN:264,(anonymous_27)
FN:265,(anonymous_28)
FN:265,(anonymous_29)
FN:266,(anonymous_30)
FN:266,(anonymous_31)
FN:267,(anonymous_32)
FN:267,(anonymous_33)
FN:268,(anonymous_34)
FN:268,(anonymous_35)
FN:272,(anonymous_36)
FN:272,(anonymous_37)
FNF:38
FNH:0
FNDA:0,(anonymous_0)
FNDA:0,(anonymous_1)
FNDA:0,(anonymous_2)
FNDA:0,(anonymous_3)
FNDA:0,(anonymous_4)
FNDA:0,(anonymous_5)
FNDA:0,(anonymous_6)
FNDA:0,(anonymous_7)
FNDA:0,(anonymous_8)
FNDA:0,(anonymous_9)
FNDA:0,(anonymous_10)
FNDA:0,(anonymous_11)
FNDA:0,(anonymous_12)
FNDA:0,(anonymous_13)
FNDA:0,(anonymous_14)
FNDA:0,(anonymous_15)
FNDA:0,(anonymous_16)
FNDA:0,(anonymous_17)
FNDA:0,(anonymous_18)
FNDA:0,(anonymous_19)
FNDA:0,(anonymous_20)
FNDA:0,(anonymous_21)
FNDA:0,(anonymous_22)
FNDA:0,(anonymous_23)
FNDA:0,(anonymous_24)
FNDA:0,(anonymous_25)
FNDA:0,(anonymous_26)
FNDA:0,(anonymous_27)
FNDA:0,(anonymous_28)
FNDA:0,(anonymous_29)
FNDA:0,(anonymous_30)
FNDA:0,(anonymous_31)
FNDA:0,(anonymous_32)
FNDA:0,(anonymous_33)
FNDA:0,(anonymous_34)
FNDA:0,(anonymous_35)
FNDA:0,(anonymous_36)
FNDA:0,(anonymous_37)
DA:17,0
DA:18,0
DA:19,0
DA:22,0
DA:29,0
DA:38,0
DA:40,0
DA:48,0
DA:49,0
DA:55,0
DA:56,0
DA:57,0
DA:58,0
DA:60,0
DA:61,0
DA:68,0
DA:70,0
DA:72,0
DA:73,0
DA:74,0
DA:75,0
DA:82,0
DA:83,0
DA:92,0
DA:94,0
DA:96,0
DA:97,0
DA:101,0
DA:102,0
DA:112,0
DA:113,0
DA:122,0
DA:123,0
DA:132,0
DA:139,0
DA:153,0
DA:160,0
DA:167,0
DA:174,0
DA:181,0
DA:195,0
DA:202,0
DA:216,0
DA:223,0
DA:237,0
DA:244,0
DA:251,0
DA:261,0
DA:263,0
DA:264,0
DA:265,0
DA:266,0
DA:267,0
DA:268,0
DA:272,0
DA:275,0
LF:56
LH:0
BRDA:39,0,0,0
BRDA:72,1,0,0
BRDA:72,1,1,0
BRDA:83,2,0,0
BRDA:83,2,1,0
BRDA:96,3,0,0
BRDA:96,3,1,0
BRDA:96,4,0,0
BRDA:96,4,1,0
BRDA:113,5,0,0
BRDA:113,5,1,0
BRDA:131,6,0,0
BRDA:131,6,1,0
BRF:13
BRH:0
end_of_record
TN:
SF:app\account\hooks\useDadosAccount.ts
FN:27,(anonymous_0)
FN:31,(anonymous_1)
FN:51,(anonymous_2)
FN:58,(anonymous_3)
FN:59,(anonymous_4)
FN:85,(anonymous_5)
FN:111,(anonymous_6)
FN:124,(anonymous_7)
FN:124,(anonymous_8)
FN:131,(anonymous_9)
FN:131,(anonymous_10)
FN:145,(anonymous_11)
FN:159,(anonymous_12)
FN:166,(anonymous_13)
FN:180,(anonymous_14)
FN:187,(anonymous_15)
FN:202,(anonymous_16)
FN:209,(anonymous_17)
FN:210,(anonymous_18)
FN:216,(anonymous_19)
FN:237,(anonymous_20)
FN:249,(anonymous_21)
FN:262,(anonymous_22)
FN:269,(anonymous_23)
FN:276,(anonymous_24)
FN:286,(anonymous_25)
FN:287,(anonymous_26)
FN:293,(anonymous_27)
FN:294,(anonymous_28)
FN:300,(anonymous_29)
FN:301,(anonymous_30)
FN:307,(anonymous_31)
FN:308,(anonymous_32)
FNF:33
FNH:0
FNDA:0,(anonymous_0)
FNDA:0,(anonymous_1)
FNDA:0,(anonymous_2)
FNDA:0,(anonymous_3)
FNDA:0,(anonymous_4)
FNDA:0,(anonymous_5)
FNDA:0,(anonymous_6)
FNDA:0,(anonymous_7)
FNDA:0,(anonymous_8)
FNDA:0,(anonymous_9)
FNDA:0,(anonymous_10)
FNDA:0,(anonymous_11)
FNDA:0,(anonymous_12)
FNDA:0,(anonymous_13)
FNDA:0,(anonymous_14)
FNDA:0,(anonymous_15)
FNDA:0,(anonymous_16)
FNDA:0,(anonymous_17)
FNDA:0,(anonymous_18)
FNDA:0,(anonymous_19)
FNDA:0,(anonymous_20)
FNDA:0,(anonymous_21)
FNDA:0,(anonymous_22)
FNDA:0,(anonymous_23)
FNDA:0,(anonymous_24)
FNDA:0,(anonymous_25)
FNDA:0,(anonymous_26)
FNDA:0,(anonymous_27)
FNDA:0,(anonymous_28)
FNDA:0,(anonymous_29)
FNDA:0,(anonymous_30)
FNDA:0,(anonymous_31)
FNDA:0,(anonymous_32)
DA:27,0
DA:28,0
DA:31,0
DA:34,0
DA:40,0
DA:46,0
DA:51,0
DA:52,0
DA:58,0
DA:59,0
DA:60,0
DA:61,0
DA:63,0
DA:65,0
DA:70,0
DA:72,0
DA:73,0
DA:75,0
DA:79,0
DA:85,0
DA:86,0
DA:88,0
DA:90,0
DA:98,0
DA:111,0
DA:112,0
DA:113,0
DA:115,0
DA:124,0
DA:131,0
DA:145,0
DA:159,0
DA:166,0
DA:180,0
DA:187,0
DA:198,0
DA:203,0
DA:210,0
DA:217,0
DA:218,0
DA:221,0
DA:224,0
DA:227,0
DA:229,0
DA:230,0
DA:238,0
DA:239,0
DA:241,0
DA:244,0
DA:245,0
DA:248,0
DA:249,0
DA:252,0
DA:254,0
DA:255,0
DA:263,0
DA:264,0
DA:266,0
DA:268,0
DA:269,0
DA:271,0
DA:274,0
DA:275,0
DA:276,0
DA:278,0
DA:287,0
DA:294,0
DA:301,0
DA:308,0
DA:312,0
LF:70
LH:0
BRDA:51,0,0,0
BRDA:88,1,0,0
BRDA:88,1,1,0
BRDA:91,2,0,0
BRDA:91,2,1,0
BRDA:92,3,0,0
BRDA:92,3,1,0
BRDA:113,4,0,0
BRDA:113,4,1,0
BRDA:244,5,0,0
BRDA:244,5,1,0
BRDA:255,6,0,0
BRDA:255,6,1,0
BRDA:274,7,0,0
BRDA:274,7,1,0
BRDA:278,8,0,0
BRDA:278,8,1,0
BRDA:336,9,0,0
BRDA:336,9,1,0
BRF:19
BRH:0
end_of_record
TN:
SF:app\account\servicos\ServicoAccount.ts
FN:24,(anonymous_0)
FN:60,(anonymous_1)
FN:90,(anonymous_2)
FN:128,(anonymous_3)
FN:149,(anonymous_4)
FN:173,(anonymous_5)
FN:192,(anonymous_6)
FN:223,(anonymous_7)
FN:235,(anonymous_8)
FN:244,(anonymous_9)
FN:260,(anonymous_10)
FN:261,(anonymous_11)
FN:262,(anonymous_12)
FN:263,(anonymous_13)
FN:264,(anonymous_14)
FNF:15
FNH:0
FNDA:0,(anonymous_0)
FNDA:0,(anonymous_1)
FNDA:0,(anonymous_2)
FNDA:0,(anonymous_3)
FNDA:0,(anonymous_4)
FNDA:0,(anonymous_5)
FNDA:0,(anonymous_6)
FNDA:0,(anonymous_7)
FNDA:0,(anonymous_8)
FNDA:0,(anonymous_9)
FNDA:0,(anonymous_10)
FNDA:0,(anonymous_11)
FNDA:0,(anonymous_12)
FNDA:0,(anonymous_13)
FNDA:0,(anonymous_14)
DA:12,0
DA:13,0
DA:16,0
DA:17,0
DA:18,0
DA:19,0
DA:25,0
DA:26,0
DA:27,0
DA:29,0
DA:32,0
DA:34,0
DA:37,0
DA:38,0
DA:40,0
DA:43,0
DA:45,0
DA:47,0
DA:49,0
DA:50,0
DA:51,0
DA:53,0
DA:61,0
DA:62,0
DA:64,0
DA:66,0
DA:67,0
DA:68,0
DA:69,0
DA:72,0
DA:73,0
DA:74,0
DA:77,0
DA:79,0
DA:81,0
DA:82,0
DA:95,0
DA:96,0
DA:97,0
DA:99,0
DA:101,0
DA:102,0
DA:106,0
DA:109,0
DA:111,0
DA:116,0
DA:117,0
DA:118,0
DA:120,0
DA:129,0
DA:130,0
DA:131,0
DA:133,0
DA:136,0
DA:137,0
DA:140,0
DA:141,0
DA:144,0
DA:145,0
DA:149,0
DA:151,0
DA:160,0
DA:162,0
DA:163,0
DA:164,0
DA:166,0
DA:174,0
DA:177,0
DA:178,0
DA:182,0
DA:183,0
DA:186,0
DA:196,0
DA:197,0
DA:198,0
DA:201,0
DA:203,0
DA:204,0
DA:205,0
DA:206,0
DA:207,0
DA:208,0
DA:211,0
DA:213,0
DA:215,0
DA:216,0
DA:224,0
DA:225,0
DA:236,0
DA:237,0
DA:245,0
DA:246,0
DA:248,0
DA:250,0
DA:251,0
DA:253,0
DA:255,0
DA:260,0
DA:261,0
DA:262,0
DA:263,0
DA:264,0
LF:102
LH:0
BRDA:38,0,0,0
BRDA:38,0,1,0
BRDA:49,1,0,0
BRDA:49,1,1,0
BRDA:66,2,0,0
BRDA:66,2,1,0
BRDA:101,3,0,0
BRDA:101,3,1,0
BRDA:116,4,0,0
BRDA:116,4,1,0
BRDA:136,5,0,0
BRDA:136,5,1,0
BRDA:136,6,0,0
BRDA:136,6,1,0
BRDA:140,7,0,0
BRDA:140,7,1,0
BRDA:140,8,0,0
BRDA:140,8,1,0
BRDA:144,9,0,0
BRDA:144,9,1,0
BRDA:162,10,0,0
BRDA:162,10,1,0
BRDA:174,11,0,0
BRDA:174,11,1,0
BRDA:174,12,0,0
BRDA:174,12,1,0
BRDA:177,13,0,0
BRDA:177,13,1,0
BRDA:177,14,0,0
BRDA:177,14,1,0
BRDA:177,14,2,0
BRDA:182,15,0,0
BRDA:182,15,1,0
BRDA:197,16,0,0
BRDA:197,16,1,0
BRDA:203,17,0,0
BRDA:203,17,1,0
BRDA:203,18,0,0
BRDA:203,18,1,0
BRDA:205,19,0,0
BRDA:205,19,1,0
BRDA:207,20,0,0
BRDA:207,20,1,0
BRDA:224,21,0,0
BRDA:224,21,1,0
BRDA:236,22,0,0
BRDA:236,22,1,0
BRF:47
BRH:0
end_of_record
TN:
SF:app\account\tipos\ConfiguracaoConta.ts
FN:17,(anonymous_0)
FN:32,(anonymous_1)
FN:33,(anonymous_2)
FN:34,(anonymous_3)
FN:39,(anonymous_4)
FN:48,(anonymous_5)
FN:59,(anonymous_6)
FN:70,(anonymous_7)
FN:81,(anonymous_8)
FN:88,(anonymous_9)
FN:95,(anonymous_10)
FN:102,(anonymous_11)
FN:109,(anonymous_12)
FN:120,(anonymous_13)
FN:135,(anonymous_14)
FNF:15
FNH:0
FNDA:0,(anonymous_0)
FNDA:0,(anonymous_1)
FNDA:0,(anonymous_2)
FNDA:0,(anonymous_3)
FNDA:0,(anonymous_4)
FNDA:0,(anonymous_5)
FNDA:0,(anonymous_6)
FNDA:0,(anonymous_7)
FNDA:0,(anonymous_8)
FNDA:0,(anonymous_9)
FNDA:0,(anonymous_10)
FNDA:0,(anonymous_11)
FNDA:0,(anonymous_12)
FNDA:0,(anonymous_13)
FNDA:0,(anonymous_14)
DA:22,0
DA:27,0
DA:28,0
DA:32,0
DA:33,0
DA:34,0
DA:40,0
DA:49,0
DA:50,0
DA:51,0
DA:52,0
DA:53,0
DA:60,0
DA:71,0
DA:82,0
DA:89,0
DA:96,0
DA:103,0
DA:110,0
DA:121,0
DA:136,0
LF:21
LH:0
BRDA:22,0,0,0
BRDA:22,0,1,0
BRDA:27,1,0,0
BRDA:27,1,1,0
BRDA:28,2,0,0
BRDA:28,2,1,0
BRDA:40,3,0,0
BRDA:40,3,1,0
BRDA:40,3,2,0
BRDA:50,4,0,0
BRDA:50,4,1,0
BRDA:51,5,0,0
BRDA:51,5,1,0
BRDA:52,6,0,0
BRDA:52,6,1,0
BRF:15
BRH:0
end_of_record
TN:
SF:app\account\tipos\PerfilUsuario.ts
FN:41,(anonymous_0)
FN:64,(anonymous_1)
FN:65,(anonymous_2)
FN:66,(anonymous_3)
FN:67,(anonymous_4)
FN:68,(anonymous_5)
FN:69,(anonymous_6)
FN:70,(anonymous_7)
FN:71,(anonymous_8)
FN:72,(anonymous_9)
FN:77,(anonymous_10)
FN:86,(anonymous_11)
FN:93,(anonymous_12)
FN:100,(anonymous_13)
FN:107,(anonymous_14)
FN:117,(anonymous_15)
FN:131,(anonymous_16)
FN:138,(anonymous_17)
FN:157,(anonymous_18)
FN:178,(anonymous_19)
FN:185,(anonymous_20)
FN:198,(anonymous_21)
FN:215,(anonymous_22)
FN:238,(anonymous_23)
FNF:24
FNH:0
FNDA:0,(anonymous_0)
FNDA:0,(anonymous_1)
FNDA:0,(anonymous_2)
FNDA:0,(anonymous_3)
FNDA:0,(anonymous_4)
FNDA:0,(anonymous_5)
FNDA:0,(anonymous_6)
FNDA:0,(anonymous_7)
FNDA:0,(anonymous_8)
FNDA:0,(anonymous_9)
FNDA:0,(anonymous_10)
FNDA:0,(anonymous_11)
FNDA:0,(anonymous_12)
FNDA:0,(anonymous_13)
FNDA:0,(anonymous_14)
FNDA:0,(anonymous_15)
FNDA:0,(anonymous_16)
FNDA:0,(anonymous_17)
FNDA:0,(anonymous_18)
FNDA:0,(anonymous_19)
FNDA:0,(anonymous_20)
FNDA:0,(anonymous_21)
FNDA:0,(anonymous_22)
FNDA:0,(anonymous_23)
DA:52,0
DA:53,0
DA:54,0
DA:55,0
DA:56,0
DA:57,0
DA:58,0
DA:59,0
DA:60,0
DA:64,0
DA:65,0
DA:66,0
DA:67,0
DA:68,0
DA:69,0
DA:70,0
DA:71,0
DA:72,0
DA:78,0
DA:79,0
DA:80,0
DA:87,0
DA:94,0
DA:101,0
DA:108,0
DA:109,0
DA:110,0
DA:111,0
DA:118,0
DA:119,0
DA:121,0
DA:122,0
DA:125,0
DA:132,0
DA:139,0
DA:141,0
DA:143,0
DA:144,0
DA:147,0
DA:148,0
DA:151,0
DA:158,0
DA:160,0
DA:161,0
DA:164,0
DA:165,0
DA:168,0
DA:169,0
DA:172,0
DA:179,0
DA:190,0
DA:191,0
DA:192,0
DA:199,0
DA:217,0
DA:218,0
DA:219,0
DA:220,0
DA:222,0
DA:239,0
DA:242,0
DA:243,0
DA:244,0
DA:246,0
LF:64
LH:0
BRDA:78,0,0,0
BRDA:78,0,1,0
BRDA:79,1,0,0
BRDA:79,1,1,0
BRDA:108,2,0,0
BRDA:108,2,1,0
BRDA:109,3,0,0
BRDA:109,3,1,0
BRDA:110,4,0,0
BRDA:110,4,1,0
BRDA:121,5,0,0
BRDA:121,5,1,0
BRDA:132,6,0,0
BRDA:132,6,1,0
BRDA:139,7,0,0
BRDA:139,7,1,0
BRDA:143,8,0,0
BRDA:143,8,1,0
BRDA:147,9,0,0
BRDA:147,9,1,0
BRDA:160,10,0,0
BRDA:160,10,1,0
BRDA:161,11,0,0
BRDA:161,11,1,0
BRDA:164,12,0,0
BRDA:164,12,1,0
BRDA:165,13,0,0
BRDA:165,13,1,0
BRDA:168,14,0,0
BRDA:168,14,1,0
BRDA:169,15,0,0
BRDA:169,15,1,0
BRDA:179,16,0,0
BRDA:179,16,1,0
BRDA:190,17,0,0
BRDA:190,17,1,0
BRDA:191,18,0,0
BRDA:191,18,1,0
BRDA:192,19,0,0
BRDA:192,19,1,0
BRDA:218,20,0,0
BRDA:218,20,1,0
BRDA:219,21,0,0
BRDA:219,21,1,0
BRDA:220,22,0,0
BRDA:220,22,1,0
BRDA:225,23,0,0
BRDA:225,23,1,0
BRDA:242,24,0,0
BRDA:242,24,1,0
BRDA:243,25,0,0
BRDA:243,25,1,0
BRDA:244,26,0,0
BRDA:244,26,1,0
BRF:54
BRH:0
end_of_record
TN:
SF:app\account\types\account.types.ts
FNF:0
FNH:0
LF:0
LH:0
BRF:0
BRH:0
end_of_record
TN:
SF:app\admin\_layout.tsx
FN:12,AdminLayout
FN:38,(anonymous_1)
FN:49,(anonymous_2)
FN:60,(anonymous_3)
FN:71,(anonymous_4)
FNF:5
FNH:0
FNDA:0,AdminLayout
FNDA:0,(anonymous_1)
FNDA:0,(anonymous_2)
FNDA:0,(anonymous_3)
FNDA:0,(anonymous_4)
DA:13,0
DA:39,0
DA:50,0
DA:61,0
DA:72,0
LF:5
LH:0
BRF:0
BRH:0
end_of_record
TN:
SF:app\admin\index.tsx
FN:12,AdminDashboardScreen
FNF:1
FNH:0
FNDA:0,AdminDashboardScreen
DA:13,0
DA:76,0
LF:2
LH:0
BRF:0
BRH:0
end_of_record
TN:
SF:app\admin\farmacias\index.tsx
FN:30,(anonymous_0)
FN:31,(anonymous_1)
FN:44,(anonymous_2)
FN:57,(anonymous_3)
FN:63,(anonymous_4)
FN:68,(anonymous_5)
FN:74,(anonymous_6)
FN:134,(anonymous_7)
FN:144,FarmaciasAdminScreen
FN:198,(anonymous_9)
FN:202,(anonymous_10)
FN:222,(anonymous_11)
FN:223,(anonymous_12)
FNF:13
FNH:0
FNDA:0,(anonymous_0)
FNDA:0,(anonymous_1)
FNDA:0,(anonymous_2)
FNDA:0,(anonymous_3)
FNDA:0,(anonymous_4)
FNDA:0,(anonymous_5)
FNDA:0,(anonymous_6)
FNDA:0,(anonymous_7)
FNDA:0,FarmaciasAdminScreen
FNDA:0,(anonymous_9)
FNDA:0,(anonymous_10)
FNDA:0,(anonymous_11)
FNDA:0,(anonymous_12)
DA:30,0
DA:31,0
DA:32,0
DA:34,0
DA:36,0
DA:38,0
DA:40,0
DA:44,0
DA:45,0
DA:47,0
DA:49,0
DA:51,0
DA:53,0
DA:57,0
DA:58,0
DA:63,0
DA:68,0
DA:69,0
DA:74,0
DA:79,0
DA:134,0
DA:157,0
DA:159,0
DA:199,0
DA:202,0
DA:222,0
DA:224,0
DA:256,0
LF:28
LH:0
BRDA:32,0,0,0
BRDA:32,0,1,0
BRDA:32,0,2,0
BRDA:32,0,3,0
BRDA:45,1,0,0
BRDA:45,1,1,0
BRDA:45,1,2,0
BRDA:45,1,3,0
BRDA:109,2,0,0
BRDA:109,2,1,0
BRDA:121,3,0,0
BRDA:121,3,1,0
BRDA:127,4,0,0
BRDA:127,4,1,0
BRDA:133,5,0,0
BRDA:133,5,1,0
BRDA:201,6,0,0
BRDA:201,6,1,0
BRDA:205,7,0,0
BRDA:205,7,1,0
BRDA:207,8,0,0
BRDA:207,8,1,0
BRDA:207,9,0,0
BRDA:207,9,1,0
BRDA:207,10,0,0
BRDA:207,10,1,0
BRDA:214,11,0,0
BRDA:214,11,1,0
BRDA:214,12,0,0
BRDA:214,12,1,0
BRDA:236,13,0,0
BRDA:236,13,1,0
BRF:32
BRH:0
end_of_record
TN:
SF:app\admin\farmacias\hooks\useFarmacias.ts
FN:10,(anonymous_0)
FN:29,(anonymous_1)
FN:54,(anonymous_2)
FN:61,(anonymous_3)
FN:69,(anonymous_4)
FN:76,(anonymous_5)
FN:77,(anonymous_6)
FN:90,(anonymous_7)
FN:97,(anonymous_8)
FN:98,(anonymous_9)
FN:111,(anonymous_10)
FN:118,(anonymous_11)
FN:125,(anonymous_12)
FN:126,(anonymous_13)
FN:134,(anonymous_14)
FN:135,(anonymous_15)
FN:136,(anonymous_16)
FNF:17
FNH:0
FNDA:0,(anonymous_0)
FNDA:0,(anonymous_1)
FNDA:0,(anonymous_2)
FNDA:0,(anonymous_3)
FNDA:0,(anonymous_4)
FNDA:0,(anonymous_5)
FNDA:0,(anonymous_6)
FNDA:0,(anonymous_7)
FNDA:0,(anonymous_8)
FNDA:0,(anonymous_9)
FNDA:0,(anonymous_10)
FNDA:0,(anonymous_11)
FNDA:0,(anonymous_12)
FNDA:0,(anonymous_13)
FNDA:0,(anonymous_14)
FNDA:0,(anonymous_15)
FNDA:0,(anonymous_16)
DA:10,0
DA:12,0
DA:13,0
DA:14,0
DA:15,0
DA:16,0
DA:29,0
DA:30,0
DA:31,0
DA:32,0
DA:35,0
DA:37,0
DA:38,0
DA:40,0
DA:41,0
DA:43,0
DA:44,0
DA:46,0
DA:47,0
DA:54,0
DA:55,0
DA:61,0
DA:62,0
DA:63,0
DA:69,0
DA:70,0
DA:71,0
DA:73,0
DA:76,0
DA:77,0
DA:80,0
DA:82,0
DA:83,0
DA:90,0
DA:91,0
DA:92,0
DA:94,0
DA:97,0
DA:98,0
DA:101,0
DA:103,0
DA:104,0
DA:111,0
DA:112,0
DA:118,0
DA:119,0
DA:125,0
DA:126,0
DA:132,0
DA:134,0
DA:135,0
DA:136,0
DA:139,0
LF:53
LH:0
BRDA:29,0,0,0
BRDA:31,1,0,0
BRDA:31,1,1,0
BRDA:37,2,0,0
BRDA:37,2,1,0
BRDA:44,3,0,0
BRDA:44,3,1,0
BRDA:77,4,0,0
BRDA:77,4,1,0
BRDA:83,5,0,0
BRDA:83,5,1,0
BRDA:98,6,0,0
BRDA:98,6,1,0
BRDA:104,7,0,0
BRDA:104,7,1,0
BRF:15
BRH:0
end_of_record
TN:
SF:app\admin\produtos\index.tsx
FN:33,(anonymous_0)
FN:34,(anonymous_1)
FN:45,(anonymous_2)
FN:56,(anonymous_3)
FN:62,(anonymous_4)
FN:111,(anonymous_5)
FN:115,(anonymous_6)
FN:119,(anonymous_7)
FN:131,ProdutosAdminScreen
FN:157,(anonymous_9)
FN:221,(anonymous_10)
FN:234,(anonymous_11)
FN:244,(anonymous_12)
FN:263,(anonymous_13)
FN:264,(anonymous_14)
FNF:15
FNH:0
FNDA:0,(anonymous_0)
FNDA:0,(anonymous_1)
FNDA:0,(anonymous_2)
FNDA:0,(anonymous_3)
FNDA:0,(anonymous_4)
FNDA:0,(anonymous_5)
FNDA:0,(anonymous_6)
FNDA:0,(anonymous_7)
FNDA:0,ProdutosAdminScreen
FNDA:0,(anonymous_9)
FNDA:0,(anonymous_10)
FNDA:0,(anonymous_11)
FNDA:0,(anonymous_12)
FNDA:0,(anonymous_13)
FNDA:0,(anonymous_14)
DA:33,0
DA:34,0
DA:35,0
DA:42,0
DA:45,0
DA:46,0
DA:53,0
DA:56,0
DA:57,0
DA:62,0
DA:67,0
DA:111,0
DA:115,0
DA:119,0
DA:155,0
DA:157,0
DA:158,0
DA:159,0
DA:161,0
DA:165,0
DA:221,0
DA:234,0
DA:244,0
DA:263,0
DA:265,0
DA:297,0
LF:26
LH:0
BRDA:42,0,0,0
BRDA:42,0,1,0
BRDA:53,1,0,0
BRDA:53,1,1,0
BRDA:76,2,0,0
BRDA:76,2,1,0
BRDA:79,3,0,0
BRDA:79,3,1,0
BRDA:114,4,0,0
BRDA:114,4,1,0
BRDA:158,5,0,0
BRDA:158,5,1,0
BRDA:220,6,0,0
BRDA:220,6,1,0
BRDA:226,7,0,0
BRDA:226,7,1,0
BRDA:233,8,0,0
BRDA:233,8,1,0
BRDA:237,9,0,0
BRDA:237,9,1,0
BRDA:243,10,0,0
BRDA:243,10,1,0
BRDA:247,11,0,0
BRDA:247,11,1,0
BRDA:255,12,0,0
BRDA:255,12,1,0
BRDA:255,13,0,0
BRDA:255,13,1,0
BRF:28
BRH:0
end_of_record
TN:
SF:app\admin\produtos\components\ProdutoFormModal.tsx
FN:35,(anonymous_0)
FN:57,(anonymous_1)
FN:87,(anonymous_2)
FN:88,(anonymous_3)
FN:91,(anonymous_4)
FN:95,(anonymous_5)
FN:109,(anonymous_6)
FN:145,(anonymous_7)
FN:159,(anonymous_8)
FN:172,(anonymous_9)
FN:185,(anonymous_10)
FN:198,(anonymous_11)
FN:213,(anonymous_12)
FN:226,(anonymous_13)
FN:239,(anonymous_14)
FN:257,(anonymous_15)
FNF:16
FNH:0
FNDA:0,(anonymous_0)
FNDA:0,(anonymous_1)
FNDA:0,(anonymous_2)
FNDA:0,(anonymous_3)
FNDA:0,(anonymous_4)
FNDA:0,(anonymous_5)
FNDA:0,(anonymous_6)
FNDA:0,(anonymous_7)
FNDA:0,(anonymous_8)
FNDA:0,(anonymous_9)
FNDA:0,(anonymous_10)
FNDA:0,(anonymous_11)
FNDA:0,(anonymous_12)
FNDA:0,(anonymous_13)
FNDA:0,(anonymous_14)
FNDA:0,(anonymous_15)
DA:35,0
DA:42,0
DA:54,0
DA:57,0
DA:58,0
DA:59,0
DA:72,0
DA:84,0
DA:87,0
DA:88,0
DA:90,0
DA:91,0
DA:95,0
DA:96,0
DA:98,0
DA:99,0
DA:100,0
DA:101,0
DA:102,0
DA:103,0
DA:105,0
DA:106,0
DA:109,0
DA:110,0
DA:111,0
DA:114,0
DA:115,0
DA:119,0
DA:123,0
DA:145,0
DA:159,0
DA:172,0
DA:185,0
DA:198,0
DA:213,0
DA:226,0
DA:239,0
DA:257,0
DA:299,0
LF:39
LH:0
BRDA:58,0,0,0
BRDA:58,0,1,0
BRDA:66,1,0,0
BRDA:66,1,1,0
BRDA:90,2,0,0
BRDA:90,2,1,0
BRDA:98,3,0,0
BRDA:98,3,1,0
BRDA:99,4,0,0
BRDA:99,4,1,0
BRDA:100,5,0,0
BRDA:100,5,1,0
BRDA:101,6,0,0
BRDA:101,6,1,0
BRDA:102,7,0,0
BRDA:102,7,1,0
BRDA:103,8,0,0
BRDA:103,8,1,0
BRDA:110,9,0,0
BRDA:110,9,1,0
BRDA:130,10,0,0
BRDA:130,10,1,0
BRDA:142,11,0,0
BRDA:142,11,1,0
BRDA:149,12,0,0
BRDA:149,12,1,0
BRDA:156,13,0,0
BRDA:156,13,1,0
BRDA:162,14,0,0
BRDA:162,14,1,0
BRDA:169,15,0,0
BRDA:169,15,1,0
BRDA:175,16,0,0
BRDA:175,16,1,0
BRDA:182,17,0,0
BRDA:182,17,1,0
BRDA:188,18,0,0
BRDA:188,18,1,0
BRDA:195,19,0,0
BRDA:195,19,1,0
BRDA:203,20,0,0
BRDA:203,20,1,0
BRDA:210,21,0,0
BRDA:210,21,1,0
BRDA:216,22,0,0
BRDA:216,22,1,0
BRDA:280,23,0,0
BRDA:280,23,1,0
BRDA:284,24,0,0
BRDA:284,24,1,0
BRDA:288,25,0,0
BRDA:288,25,1,0
BRF:52
BRH:0
end_of_record
TN:
SF:app\admin\produtos\hooks\useProdutos.ts
FN:24,(anonymous_0)
FN:48,(anonymous_1)
FN:75,(anonymous_2)
FN:82,(anonymous_3)
FN:90,(anonymous_4)
FN:98,(anonymous_5)
FN:116,(anonymous_6)
FN:124,(anonymous_7)
FN:124,(anonymous_8)
FN:143,(anonymous_9)
FN:151,(anonymous_10)
FN:151,(anonymous_11)
FN:165,(anonymous_12)
FN:173,(anonymous_13)
FN:173,(anonymous_14)
FN:187,(anonymous_15)
FN:195,(anonymous_16)
FN:195,(anonymous_17)
FN:209,(anonymous_18)
FN:217,(anonymous_19)
FN:225,(anonymous_20)
FN:233,(anonymous_21)
FN:240,(anonymous_22)
FN:241,(anonymous_23)
FN:247,(anonymous_24)
FN:266,(anonymous_25)
FN:267,(anonymous_26)
FNF:27
FNH:0
FNDA:0,(anonymous_0)
FNDA:0,(anonymous_1)
FNDA:0,(anonymous_2)
FNDA:0,(anonymous_3)
FNDA:0,(anonymous_4)
FNDA:0,(anonymous_5)
FNDA:0,(anonymous_6)
FNDA:0,(anonymous_7)
FNDA:0,(anonymous_8)
FNDA:0,(anonymous_9)
FNDA:0,(anonymous_10)
FNDA:0,(anonymous_11)
FNDA:0,(anonymous_12)
FNDA:0,(anonymous_13)
FNDA:0,(anonymous_14)
FNDA:0,(anonymous_15)
FNDA:0,(anonymous_16)
FNDA:0,(anonymous_17)
FNDA:0,(anonymous_18)
FNDA:0,(anonymous_19)
FNDA:0,(anonymous_20)
FNDA:0,(anonymous_21)
FNDA:0,(anonymous_22)
FNDA:0,(anonymous_23)
FNDA:0,(anonymous_24)
FNDA:0,(anonymous_25)
FNDA:0,(anonymous_26)
DA:22,0
DA:24,0
DA:26,0
DA:27,0
DA:28,0
DA:29,0
DA:30,0
DA:31,0
DA:32,0
DA:33,0
DA:34,0
DA:48,0
DA:49,0
DA:50,0
DA:51,0
DA:54,0
DA:61,0
DA:62,0
DA:64,0
DA:65,0
DA:67,0
DA:68,0
DA:75,0
DA:76,0
DA:82,0
DA:83,0
DA:84,0
DA:90,0
DA:91,0
DA:92,0
DA:93,0
DA:95,0
DA:98,0
DA:100,0
DA:101,0
DA:102,0
DA:104,0
DA:105,0
DA:106,0
DA:108,0
DA:115,0
DA:117,0
DA:118,0
DA:119,0
DA:121,0
DA:124,0
DA:126,0
DA:127,0
DA:128,0
DA:130,0
DA:131,0
DA:132,0
DA:134,0
DA:143,0
DA:144,0
DA:145,0
DA:146,0
DA:148,0
DA:151,0
DA:153,0
DA:155,0
DA:156,0
DA:158,0
DA:165,0
DA:166,0
DA:167,0
DA:168,0
DA:170,0
DA:173,0
DA:175,0
DA:177,0
DA:178,0
DA:180,0
DA:187,0
DA:188,0
DA:189,0
DA:190,0
DA:192,0
DA:195,0
DA:197,0
DA:199,0
DA:200,0
DA:202,0
DA:209,0
DA:210,0
DA:211,0
DA:217,0
DA:218,0
DA:219,0
DA:225,0
DA:226,0
DA:227,0
DA:233,0
DA:234,0
DA:240,0
DA:241,0
DA:247,0
DA:249,0
DA:250,0
DA:254,0
DA:255,0
DA:258,0
DA:264,0
DA:266,0
DA:267,0
DA:270,0
LF:106
LH:0
BRDA:48,0,0,0
BRDA:50,1,0,0
BRDA:50,1,1,0
BRDA:65,2,0,0
BRDA:65,2,1,0
BRDA:105,3,0,0
BRDA:105,3,1,0
BRDA:124,4,0,0
BRDA:124,4,1,0
BRDA:131,5,0,0
BRDA:131,5,1,0
BRDA:151,6,0,0
BRDA:151,6,1,0
BRDA:156,7,0,0
BRDA:156,7,1,0
BRDA:173,8,0,0
BRDA:173,8,1,0
BRDA:178,9,0,0
BRDA:178,9,1,0
BRDA:200,10,0,0
BRDA:200,10,1,0
BRDA:249,11,0,0
BRDA:249,11,1,0
BRDA:249,12,0,0
BRDA:249,12,1,0
BRDA:254,13,0,0
BRDA:254,13,1,0
BRDA:254,14,0,0
BRDA:254,14,1,0
BRF:29
BRH:0
end_of_record
TN:
SF:app\admin\usuarios\index.tsx
FN:25,UsuariosAdminScreen
FNF:1
FNH:0
FNDA:0,UsuariosAdminScreen
DA:40,0
DA:42,0
DA:206,0
LF:3
LH:0
BRDA:61,0,0,0
BRDA:61,0,1,0
BRDA:97,1,0,0
BRDA:97,1,1,0
BRDA:106,2,0,0
BRDA:106,2,1,0
BRDA:108,3,0,0
BRDA:108,3,1,0
BRDA:110,4,0,0
BRDA:110,4,1,0
BRF:10
BRH:0
end_of_record
TN:
SF:app\admin\usuarios\components\UsuarioDetalhesModal.tsx
FN:30,(anonymous_0)
FN:40,(anonymous_1)
FN:49,(anonymous_2)
FN:55,(anonymous_3)
FN:63,(anonymous_4)
FN:69,(anonymous_5)
FN:70,(anonymous_6)
FN:86,(anonymous_7)
FNF:8
FNH:0
FNDA:0,(anonymous_0)
FNDA:0,(anonymous_1)
FNDA:0,(anonymous_2)
FNDA:0,(anonymous_3)
FNDA:0,(anonymous_4)
FNDA:0,(anonymous_5)
FNDA:0,(anonymous_6)
FNDA:0,(anonymous_7)
DA:30,0
DA:38,0
DA:40,0
DA:41,0
DA:49,0
DA:55,0
DA:56,0
DA:63,0
DA:69,0
DA:70,0
DA:71,0
DA:73,0
DA:75,0
DA:77,0
DA:79,0
DA:81,0
DA:86,0
DA:87,0
DA:88,0
DA:95,0
DA:303,0
LF:21
LH:0
BRDA:38,0,0,0
BRDA:38,0,1,0
BRDA:71,1,0,0
BRDA:71,1,1,0
BRDA:71,1,2,0
BRDA:71,1,3,0
BRDA:71,1,4,0
BRDA:118,2,0,0
BRDA:118,2,1,0
BRDA:122,3,0,0
BRDA:122,3,1,0
BRDA:127,4,0,0
BRDA:127,4,1,0
BRDA:166,5,0,0
BRDA:166,5,1,0
BRDA:183,6,0,0
BRDA:183,6,1,0
BRDA:192,7,0,0
BRDA:192,7,1,0
BRDA:207,8,0,0
BRDA:207,8,1,0
BRDA:235,9,0,0
BRDA:235,9,1,0
BRDA:265,10,0,0
BRDA:265,10,1,0
BRDA:271,11,0,0
BRDA:271,11,1,0
BRDA:286,12,0,0
BRDA:286,12,1,0
BRF:29
BRH:0
end_of_record
TN:
SF:app\admin\usuarios\hooks\useUsuarios.ts
FN:10,(anonymous_0)
FN:30,(anonymous_1)
FN:71,(anonymous_2)
FN:93,(anonymous_3)
FN:115,(anonymous_4)
FN:124,(anonymous_5)
FN:131,(anonymous_6)
FN:138,(anonymous_7)
FN:139,(anonymous_8)
FNF:9
FNH:0
FNDA:0,(anonymous_0)
FNDA:0,(anonymous_1)
FNDA:0,(anonymous_2)
FNDA:0,(anonymous_3)
FNDA:0,(anonymous_4)
FNDA:0,(anonymous_5)
FNDA:0,(anonymous_6)
FNDA:0,(anonymous_7)
FNDA:0,(anonymous_8)
DA:10,0
DA:12,0
DA:13,0
DA:14,0
DA:15,0
DA:16,0
DA:17,0
DA:30,0
DA:32,0
DA:33,0
DA:34,0
DA:37,0
DA:38,0
DA:39,0
DA:40,0
DA:43,0
DA:44,0
DA:45,0
DA:47,0
DA:49,0
DA:50,0
DA:51,0
DA:53,0
DA:56,0
DA:57,0
DA:59,0
DA:62,0
DA:64,0
DA:71,0
DA:72,0
DA:73,0
DA:74,0
DA:76,0
DA:79,0
DA:81,0
DA:83,0
DA:84,0
DA:86,0
DA:93,0
DA:94,0
DA:95,0
DA:96,0
DA:98,0
DA:101,0
DA:103,0
DA:105,0
DA:106,0
DA:108,0
DA:115,0
DA:116,0
DA:117,0
DA:118,0
DA:124,0
DA:125,0
DA:131,0
DA:132,0
DA:138,0
DA:139,0
DA:142,0
LF:59
LH:0
BRDA:32,0,0,0
BRDA:32,0,1,0
BRDA:38,1,0,0
BRDA:38,1,1,0
BRDA:56,2,0,0
BRDA:56,2,1,0
BRDA:59,3,0,0
BRDA:59,3,1,0
BRDA:84,4,0,0
BRDA:84,4,1,0
BRDA:106,5,0,0
BRDA:106,5,1,0
BRF:12
BRH:0
end_of_record
TN:
SF:app\allproducts\index.tsx
FN:21,AllProductsScreen
FN:40,(anonymous_1)
FN:74,(anonymous_2)
FNF:3
FNH:0
FNDA:0,AllProductsScreen
FNDA:0,(anonymous_1)
FNDA:0,(anonymous_2)
DA:35,0
DA:40,0
DA:41,0
DA:48,0
DA:74,0
DA:104,0
LF:6
LH:0
BRDA:64,0,0,0
BRDA:64,0,1,0
BRDA:88,1,0,0
BRDA:88,1,1,0
BRDA:92,2,0,0
BRDA:92,2,1,0
BRDA:95,3,0,0
BRDA:95,3,1,0
BRDA:96,4,0,0
BRDA:96,4,1,0
BRF:10
BRH:0
end_of_record
TN:
SF:app\allproducts\components\EmptyProducts.tsx
FN:11,(anonymous_0)
FNF:1
FNH:0
FNDA:0,(anonymous_0)
DA:11,0
DA:12,0
DA:23,0
LF:3
LH:0
BRF:0
BRH:0
end_of_record
TN:
SF:app\allproducts\components\ProductCard.tsx
FN:18,(anonymous_0)
FN:26,(anonymous_1)
FN:57,(anonymous_2)
FNF:3
FNH:0
FNDA:0,(anonymous_0)
FNDA:0,(anonymous_1)
FNDA:0,(anonymous_2)
DA:18,0
DA:23,0
DA:26,0
DA:58,0
DA:59,0
DA:71,0
LF:6
LH:0
BRF:0
BRH:0
end_of_record
TN:
SF:app\allproducts\components\ProductsHeader.tsx
FN:18,(anonymous_0)
FNF:1
FNH:0
FNDA:0,(anonymous_0)
DA:18,0
DA:24,0
DA:59,0
LF:3
LH:0
BRDA:48,0,0,0
BRDA:48,0,1,0
BRF:2
BRH:0
end_of_record
TN:
SF:app\allproducts\components\StatsSection.tsx
FN:16,(anonymous_0)
FNF:1
FNH:0
FNDA:0,(anonymous_0)
DA:16,0
DA:17,0
DA:44,0
LF:3
LH:0
BRF:0
BRH:0
end_of_record
TN:
SF:app\allproducts\hooks\useAllProducts.ts
FN:30,(anonymous_0)
FN:41,(anonymous_1)
FN:45,(anonymous_2)
FN:53,(anonymous_3)
FN:55,(anonymous_4)
FN:157,(anonymous_5)
FN:163,(anonymous_6)
FN:173,(anonymous_7)
FN:174,(anonymous_8)
FN:184,(anonymous_9)
FN:191,(anonymous_10)
FN:198,(anonymous_11)
FN:208,(anonymous_12)
FN:228,(anonymous_13)
FN:237,(anonymous_14)
FN:245,(anonymous_15)
FN:252,(anonymous_16)
FNF:17
FNH:0
FNDA:0,(anonymous_0)
FNDA:0,(anonymous_1)
FNDA:0,(anonymous_2)
FNDA:0,(anonymous_3)
FNDA:0,(anonymous_4)
FNDA:0,(anonymous_5)
FNDA:0,(anonymous_6)
FNDA:0,(anonymous_7)
FNDA:0,(anonymous_8)
FNDA:0,(anonymous_9)
FNDA:0,(anonymous_10)
FNDA:0,(anonymous_11)
FNDA:0,(anonymous_12)
FNDA:0,(anonymous_13)
FNDA:0,(anonymous_14)
FNDA:0,(anonymous_15)
FNDA:0,(anonymous_16)
DA:30,0
DA:31,0
DA:32,0
DA:33,0
DA:34,0
DA:35,0
DA:36,0
DA:41,0
DA:42,0
DA:45,0
DA:46,0
DA:47,0
DA:48,0
DA:50,0
DA:53,0
DA:55,0
DA:58,0
DA:59,0
DA:62,0
DA:63,0
DA:65,0
DA:66,0
DA:67,0
DA:70,0
DA:88,0
DA:89,0
DA:91,0
DA:93,0
DA:150,0
DA:157,0
DA:158,0
DA:159,0
DA:162,0
DA:163,0
DA:164,0
DA:165,0
DA:166,0
DA:173,0
DA:174,0
DA:175,0
DA:184,0
DA:185,0
DA:191,0
DA:192,0
DA:198,0
DA:199,0
DA:200,0
DA:201,0
DA:202,0
DA:208,0
DA:209,0
DA:210,0
DA:211,0
DA:215,0
DA:216,0
DA:219,0
DA:221,0
DA:228,0
DA:237,0
DA:238,0
DA:239,0
DA:245,0
DA:246,0
DA:252,0
DA:253,0
DA:257,0
DA:263,0
LF:67
LH:0
BRDA:59,0,0,0
BRDA:59,0,1,0
BRDA:65,1,0,0
BRDA:65,1,1,0
BRDA:158,2,0,0
BRDA:158,2,1,0
BRDA:166,3,0,0
BRDA:166,3,1,0
BRDA:209,4,0,0
BRDA:209,4,1,0
BRF:10
BRH:0
end_of_record
TN:
SF:app\allproducts\hooks\useDadosCatalogo.ts
FN:13,useDadosCatalogo
FN:14,(anonymous_1)
FN:22,(anonymous_2)
FN:29,(anonymous_3)
FN:46,(anonymous_4)
FN:53,(anonymous_5)
FN:60,(anonymous_6)
FN:67,(anonymous_7)
FN:74,(anonymous_8)
FN:78,(anonymous_9)
FN:85,(anonymous_10)
FN:96,(anonymous_11)
FN:104,(anonymous_12)
FN:114,(anonymous_13)
FN:123,(anonymous_14)
FN:132,(anonymous_15)
FN:141,(anonymous_16)
FN:150,(anonymous_17)
FN:159,(anonymous_18)
FN:168,(anonymous_19)
FNF:20
FNH:0
FNDA:0,useDadosCatalogo
FNDA:0,(anonymous_1)
FNDA:0,(anonymous_2)
FNDA:0,(anonymous_3)
FNDA:0,(anonymous_4)
FNDA:0,(anonymous_5)
FNDA:0,(anonymous_6)
FNDA:0,(anonymous_7)
FNDA:0,(anonymous_8)
FNDA:0,(anonymous_9)
FNDA:0,(anonymous_10)
FNDA:0,(anonymous_11)
FNDA:0,(anonymous_12)
FNDA:0,(anonymous_13)
FNDA:0,(anonymous_14)
FNDA:0,(anonymous_15)
FNDA:0,(anonymous_16)
FNDA:0,(anonymous_17)
FNDA:0,(anonymous_18)
FNDA:0,(anonymous_19)
DA:14,0
DA:15,0
DA:16,0
DA:17,0
DA:22,0
DA:23,0
DA:29,0
DA:30,0
DA:31,0
DA:32,0
DA:33,0
DA:34,0
DA:36,0
DA:37,0
DA:39,0
DA:46,0
DA:47,0
DA:53,0
DA:54,0
DA:60,0
DA:61,0
DA:67,0
DA:68,0
DA:74,0
DA:79,0
DA:86,0
DA:87,0
DA:88,0
DA:89,0
DA:97,0
DA:104,0
DA:108,0
DA:115,0
DA:116,0
DA:117,0
DA:124,0
DA:125,0
DA:126,0
DA:133,0
DA:134,0
DA:135,0
DA:142,0
DA:143,0
DA:144,0
DA:151,0
DA:152,0
DA:153,0
DA:160,0
DA:161,0
DA:162,0
DA:169,0
DA:170,0
DA:179,0
LF:53
LH:0
BRDA:87,0,0,0
BRDA:87,0,1,0
BRF:2
BRH:0
end_of_record
TN:
SF:app\allproducts\servicos\ServicoCatalogo.ts
FN:75,(anonymous_0)
FN:87,(anonymous_1)
FN:104,(anonymous_2)
FN:109,(anonymous_3)
FN:115,(anonymous_4)
FN:116,(anonymous_5)
FN:122,(anonymous_6)
FN:123,(anonymous_7)
FN:129,(anonymous_8)
FN:130,(anonymous_9)
FN:136,(anonymous_10)
FN:137,(anonymous_11)
FN:143,(anonymous_12)
FN:144,(anonymous_13)
FN:150,(anonymous_14)
FN:151,(anonymous_15)
FN:157,(anonymous_16)
FN:158,(anonymous_17)
FN:164,(anonymous_18)
FN:165,(anonymous_19)
FN:171,(anonymous_20)
FN:172,(anonymous_21)
FN:178,(anonymous_22)
FN:179,(anonymous_23)
FN:185,(anonymous_24)
FN:186,(anonymous_25)
FN:193,(anonymous_26)
FN:206,(anonymous_27)
FN:208,(anonymous_28)
FN:215,(anonymous_29)
FN:217,(anonymous_30)
FN:224,(anonymous_31)
FN:237,(anonymous_32)
FN:238,(anonymous_33)
FN:239,(anonymous_34)
FN:240,(anonymous_35)
FN:241,(anonymous_36)
FNF:37
FNH:0
FNDA:0,(anonymous_0)
FNDA:0,(anonymous_1)
FNDA:0,(anonymous_2)
FNDA:0,(anonymous_3)
FNDA:0,(anonymous_4)
FNDA:0,(anonymous_5)
FNDA:0,(anonymous_6)
FNDA:0,(anonymous_7)
FNDA:0,(anonymous_8)
FNDA:0,(anonymous_9)
FNDA:0,(anonymous_10)
FNDA:0,(anonymous_11)
FNDA:0,(anonymous_12)
FNDA:0,(anonymous_13)
FNDA:0,(anonymous_14)
FNDA:0,(anonymous_15)
FNDA:0,(anonymous_16)
FNDA:0,(anonymous_17)
FNDA:0,(anonymous_18)
FNDA:0,(anonymous_19)
FNDA:0,(anonymous_20)
FNDA:0,(anonymous_21)
FNDA:0,(anonymous_22)
FNDA:0,(anonymous_23)
FNDA:0,(anonymous_24)
FNDA:0,(anonymous_25)
FNDA:0,(anonymous_26)
FNDA:0,(anonymous_27)
FNDA:0,(anonymous_28)
FNDA:0,(anonymous_29)
FNDA:0,(anonymous_30)
FNDA:0,(anonymous_31)
FNDA:0,(anonymous_32)
FNDA:0,(anonymous_33)
FNDA:0,(anonymous_34)
FNDA:0,(anonymous_35)
FNDA:0,(anonymous_36)
DA:10,0
DA:68,0
DA:69,0
DA:70,0
DA:76,0
DA:77,0
DA:78,0
DA:80,0
DA:87,0
DA:89,0
DA:91,0
DA:93,0
DA:94,0
DA:95,0
DA:97,0
DA:105,0
DA:106,0
DA:109,0
DA:116,0
DA:123,0
DA:130,0
DA:137,0
DA:144,0
DA:151,0
DA:158,0
DA:165,0
DA:172,0
DA:179,0
DA:186,0
DA:187,0
DA:194,0
DA:195,0
DA:197,0
DA:207,0
DA:208,0
DA:209,0
DA:216,0
DA:217,0
DA:218,0
DA:225,0
DA:226,0
DA:237,0
DA:238,0
DA:239,0
DA:240,0
DA:241,0
LF:46
LH:0
BRDA:93,0,0,0
BRDA:93,0,1,0
BRDA:105,1,0,0
BRDA:105,1,1,0
BRDA:105,2,0,0
BRDA:105,2,1,0
BRDA:207,3,0,0
BRDA:207,3,1,0
BRDA:216,4,0,0
BRDA:216,4,1,0
BRF:10
BRH:0
end_of_record
TN:
SF:app\allproducts\tipos\EstatisticasCatalogo.ts
FN:10,(anonymous_0)
FN:19,(anonymous_1)
FN:20,(anonymous_2)
FN:25,(anonymous_3)
FN:32,(anonymous_4)
FN:39,(anonymous_5)
FN:46,(anonymous_6)
FN:54,(anonymous_7)
FN:63,(anonymous_8)
FN:72,(anonymous_9)
FN:80,(anonymous_10)
FN:87,(anonymous_11)
FN:97,(anonymous_12)
FN:107,(anonymous_13)
FNF:14
FNH:0
FNDA:0,(anonymous_0)
FNDA:0,(anonymous_1)
FNDA:0,(anonymous_2)
FNDA:0,(anonymous_3)
FNDA:0,(anonymous_4)
FNDA:0,(anonymous_5)
FNDA:0,(anonymous_6)
FNDA:0,(anonymous_7)
FNDA:0,(anonymous_8)
FNDA:0,(anonymous_9)
FNDA:0,(anonymous_10)
FNDA:0,(anonymous_11)
FNDA:0,(anonymous_12)
FNDA:0,(anonymous_13)
DA:14,0
DA:15,0
DA:19,0
DA:20,0
DA:26,0
DA:33,0
DA:40,0
DA:47,0
DA:48,0
DA:55,0
DA:56,0
DA:57,0
DA:64,0
DA:65,0
DA:66,0
DA:73,0
DA:74,0
DA:81,0
DA:88,0
DA:98,0
DA:108,0
LF:21
LH:0
BRDA:47,0,0,0
BRDA:47,0,1,0
BRDA:55,1,0,0
BRDA:55,1,1,0
BRDA:56,2,0,0
BRDA:56,2,1,0
BRDA:64,3,0,0
BRDA:64,3,1,0
BRDA:65,4,0,0
BRDA:65,4,1,0
BRDA:99,5,0,0
BRDA:99,5,1,0
BRDA:99,5,2,0
BRDA:100,6,0,0
BRDA:100,6,1,0
BRDA:100,6,2,0
BRF:16
BRH:0
end_of_record
TN:
SF:app\allproducts\tipos\ProdutoCatalogo.ts
FN:15,(anonymous_0)
FN:34,(anonymous_1)
FN:35,(anonymous_2)
FN:36,(anonymous_3)
FN:37,(anonymous_4)
FN:38,(anonymous_5)
FN:39,(anonymous_6)
FN:40,(anonymous_7)
FN:45,(anonymous_8)
FN:52,(anonymous_9)
FN:59,(anonymous_10)
FN:66,(anonymous_11)
FN:73,(anonymous_12)
FN:80,(anonymous_13)
FN:93,(anonymous_14)
FN:100,(anonymous_15)
FN:107,(anonymous_16)
FN:114,(anonymous_17)
FN:124,(anonymous_18)
FN:134,(anonymous_19)
FN:144,(anonymous_20)
FN:159,(anonymous_21)
FN:174,(anonymous_22)
FNF:23
FNH:0
FNDA:0,(anonymous_0)
FNDA:0,(anonymous_1)
FNDA:0,(anonymous_2)
FNDA:0,(anonymous_3)
FNDA:0,(anonymous_4)
FNDA:0,(anonymous_5)
FNDA:0,(anonymous_6)
FNDA:0,(anonymous_7)
FNDA:0,(anonymous_8)
FNDA:0,(anonymous_9)
FNDA:0,(anonymous_10)
FNDA:0,(anonymous_11)
FNDA:0,(anonymous_12)
FNDA:0,(anonymous_13)
FNDA:0,(anonymous_14)
FNDA:0,(anonymous_15)
FNDA:0,(anonymous_16)
FNDA:0,(anonymous_17)
FNDA:0,(anonymous_18)
FNDA:0,(anonymous_19)
FNDA:0,(anonymous_20)
FNDA:0,(anonymous_21)
FNDA:0,(anonymous_22)
DA:24,0
DA:25,0
DA:26,0
DA:27,0
DA:28,0
DA:29,0
DA:30,0
DA:34,0
DA:35,0
DA:36,0
DA:37,0
DA:38,0
DA:39,0
DA:40,0
DA:46,0
DA:53,0
DA:60,0
DA:67,0
DA:74,0
DA:81,0
DA:83,0
DA:84,0
DA:85,0
DA:87,0
DA:94,0
DA:101,0
DA:108,0
DA:115,0
DA:116,0
DA:117,0
DA:118,0
DA:125,0
DA:126,0
DA:127,0
DA:128,0
DA:135,0
DA:136,0
DA:137,0
DA:138,0
DA:145,0
DA:160,0
DA:175,0
LF:42
LH:0
BRDA:81,0,0,0
BRDA:81,0,1,0
BRDA:81,1,0,0
BRDA:81,1,1,0
BRDA:87,2,0,0
BRDA:87,2,1,0
BRDA:115,3,0,0
BRDA:115,3,1,0
BRDA:116,4,0,0
BRDA:116,4,1,0
BRDA:117,5,0,0
BRDA:117,5,1,0
BRDA:125,6,0,0
BRDA:125,6,1,0
BRDA:126,7,0,0
BRDA:126,7,1,0
BRDA:127,8,0,0
BRDA:127,8,1,0
BRDA:135,9,0,0
BRDA:135,9,1,0
BRDA:136,10,0,0
BRDA:136,10,1,0
BRDA:137,11,0,0
BRDA:137,11,1,0
BRDA:162,12,0,0
BRDA:162,12,1,0
BRDA:162,12,2,0
BRDA:163,13,0,0
BRDA:163,13,1,0
BRDA:163,13,2,0
BRDA:163,13,3,0
BRDA:164,14,0,0
BRDA:164,14,1,0
BRDA:164,14,2,0
BRDA:165,15,0,0
BRDA:165,15,1,0
BRDA:165,15,2,0
BRDA:166,16,0,0
BRDA:166,16,1,0
BRDA:166,16,2,0
BRDA:167,17,0,0
BRDA:167,17,1,0
BRDA:167,17,2,0
BRDA:177,18,0,0
BRDA:177,18,1,0
BRDA:178,19,0,0
BRDA:178,19,1,0
BRDA:178,19,2,0
BRDA:179,20,0,0
BRDA:179,20,1,0
BRDA:180,21,0,0
BRDA:180,21,1,0
BRDA:181,22,0,0
BRDA:181,22,1,0
BRDA:181,22,2,0
BRDA:182,23,0,0
BRDA:182,23,1,0
BRDA:182,23,2,0
BRF:58
BRH:0
end_of_record
TN:
SF:app\allproducts\types\allproducts.types.ts
FNF:0
FNH:0
LF:0
LH:0
BRF:0
BRH:0
end_of_record
TN:
SF:app\auth-select\index.tsx
FN:19,TelaSelecaoTipoConta
FN:23,(anonymous_1)
FN:29,(anonymous_2)
FN:33,(anonymous_3)
FN:37,(anonymous_4)
FN:41,(anonymous_5)
FNF:6
FNH:0
FNDA:0,TelaSelecaoTipoConta
FNDA:0,(anonymous_1)
FNDA:0,(anonymous_2)
FNDA:0,(anonymous_3)
FNDA:0,(anonymous_4)
FNDA:0,(anonymous_5)
DA:20,0
DA:23,0
DA:24,0
DA:25,0
DA:26,0
DA:29,0
DA:30,0
DA:33,0
DA:34,0
DA:37,0
DA:38,0
DA:41,0
DA:43,0
DA:46,0
DA:129,0
LF:15
LH:0
BRDA:24,0,0,0
BRDA:24,0,1,0
BRF:2
BRH:0
end_of_record
TN:
SF:app\cart\index.tsx
FN:27,TelaCarrinho
FN:46,(anonymous_1)
FN:107,(anonymous_2)
FN:123,(anonymous_3)
FN:132,(anonymous_4)
FN:140,(anonymous_5)
FNF:6
FNH:0
FNDA:0,TelaCarrinho
FNDA:0,(anonymous_1)
FNDA:0,(anonymous_2)
FNDA:0,(anonymous_3)
FNDA:0,(anonymous_4)
FNDA:0,(anonymous_5)
DA:44,0
DA:46,0
DA:47,0
DA:48,0
DA:54,0
DA:55,0
DA:87,0
DA:108,0
DA:123,0
DA:132,0
DA:140,0
DA:276,0
LF:12
LH:0
BRDA:54,0,0,0
BRDA:54,0,1,0
BRDA:97,1,0,0
BRDA:97,1,1,0
BRDA:153,2,0,0
BRDA:153,2,1,0
BRDA:192,3,0,0
BRDA:192,3,1,0
BRDA:224,4,0,0
BRDA:224,4,1,0
BRDA:245,5,0,0
BRDA:245,5,1,0
BRDA:249,6,0,0
BRDA:249,6,1,0
BRF:14
BRH:0
end_of_record
TN:
SF:app\cart\hooks\useDadosCarrinho.ts
FN:15,(anonymous_0)
FN:17,(anonymous_1)
FN:31,(anonymous_2)
FN:38,(anonymous_3)
FN:57,(anonymous_4)
FN:109,(anonymous_5)
FN:116,(anonymous_6)
FN:130,(anonymous_7)
FN:145,(anonymous_8)
FN:146,(anonymous_9)
FN:166,(anonymous_10)
FN:173,(anonymous_11)
FN:180,(anonymous_12)
FN:188,(anonymous_13)
FN:196,(anonymous_14)
FN:205,(anonymous_15)
FN:225,(anonymous_16)
FN:234,(anonymous_17)
FN:243,(anonymous_18)
FN:286,(anonymous_19)
FN:296,(anonymous_20)
FN:306,(anonymous_21)
FN:313,(anonymous_22)
FN:320,(anonymous_23)
FN:327,(anonymous_24)
FNF:25
FNH:0
FNDA:0,(anonymous_0)
FNDA:0,(anonymous_1)
FNDA:0,(anonymous_2)
FNDA:0,(anonymous_3)
FNDA:0,(anonymous_4)
FNDA:0,(anonymous_5)
FNDA:0,(anonymous_6)
FNDA:0,(anonymous_7)
FNDA:0,(anonymous_8)
FNDA:0,(anonymous_9)
FNDA:0,(anonymous_10)
FNDA:0,(anonymous_11)
FNDA:0,(anonymous_12)
FNDA:0,(anonymous_13)
FNDA:0,(anonymous_14)
FNDA:0,(anonymous_15)
FNDA:0,(anonymous_16)
FNDA:0,(anonymous_17)
FNDA:0,(anonymous_18)
FNDA:0,(anonymous_19)
FNDA:0,(anonymous_20)
FNDA:0,(anonymous_21)
FNDA:0,(anonymous_22)
FNDA:0,(anonymous_23)
FNDA:0,(anonymous_24)
DA:15,0
DA:17,0
DA:18,0
DA:19,0
DA:20,0
DA:21,0
DA:22,0
DA:23,0
DA:24,0
DA:26,0
DA:31,0
DA:32,0
DA:33,0
DA:35,0
DA:38,0
DA:39,0
DA:40,0
DA:42,0
DA:43,0
DA:46,0
DA:47,0
DA:50,0
DA:51,0
DA:53,0
DA:54,0
DA:57,0
DA:66,0
DA:72,0
DA:78,0
DA:79,0
DA:81,0
DA:89,0
DA:90,0
DA:95,0
DA:98,0
DA:99,0
DA:103,0
DA:110,0
DA:117,0
DA:123,0
DA:127,0
DA:130,0
DA:131,0
DA:135,0
DA:136,0
DA:138,0
DA:145,0
DA:146,0
DA:147,0
DA:148,0
DA:150,0
DA:152,0
DA:156,0
DA:162,0
DA:167,0
DA:174,0
DA:181,0
DA:182,0
DA:189,0
DA:190,0
DA:197,0
DA:198,0
DA:199,0
DA:206,0
DA:207,0
DA:208,0
DA:211,0
DA:213,0
DA:214,0
DA:215,0
DA:216,0
DA:218,0
DA:226,0
DA:227,0
DA:228,0
DA:235,0
DA:244,0
DA:246,0
DA:247,0
DA:249,0
DA:255,0
DA:256,0
DA:259,0
DA:261,0
DA:263,0
DA:264,0
DA:265,0
DA:268,0
DA:269,0
DA:270,0
DA:275,0
DA:277,0
DA:278,0
DA:279,0
DA:287,0
DA:288,0
DA:290,0
DA:297,0
DA:298,0
DA:300,0
DA:307,0
DA:314,0
DA:321,0
DA:328,0
DA:329,0
DA:333,0
LF:106
LH:0
BRDA:39,0,0,0
BRDA:39,0,1,0
BRDA:69,1,0,0
BRDA:69,1,1,0
BRDA:89,2,0,0
BRDA:89,2,1,0
BRDA:98,3,0,0
BRDA:98,3,1,0
BRDA:99,4,0,0
BRDA:99,4,1,0
BRDA:123,5,0,0
BRDA:123,5,1,0
BRDA:136,6,0,0
BRDA:136,6,1,0
BRDA:206,7,0,0
BRDA:206,7,1,0
BRDA:213,8,0,0
BRDA:213,8,1,0
BRDA:244,9,0,0
BRDA:244,9,1,0
BRDA:255,10,0,0
BRDA:255,10,1,0
BRDA:261,11,0,0
BRDA:261,11,1,0
BRDA:278,12,0,0
BRDA:278,12,1,0
BRF:26
BRH:0
end_of_record
TN:
SF:app\cart\servicos\ServicoCarrinho.ts
FN:17,(anonymous_0)
FN:24,(anonymous_1)
FN:33,(anonymous_2)
FN:52,(anonymous_3)
FN:54,(anonymous_4)
FN:65,(anonymous_5)
FN:84,(anonymous_6)
FN:86,(anonymous_7)
FN:102,(anonymous_8)
FN:103,(anonymous_9)
FN:110,(anonymous_10)
FN:111,(anonymous_11)
FN:121,(anonymous_12)
FN:122,(anonymous_13)
FN:132,(anonymous_14)
FN:156,(anonymous_15)
FN:165,(anonymous_16)
FN:166,(anonymous_17)
FN:172,(anonymous_18)
FN:180,(anonymous_19)
FN:188,(anonymous_20)
FN:199,(anonymous_21)
FN:206,(anonymous_22)
FN:213,(anonymous_23)
FN:220,(anonymous_24)
FN:227,(anonymous_25)
FN:239,(anonymous_26)
FN:240,(anonymous_27)
FN:241,(anonymous_28)
FN:242,(anonymous_29)
FN:243,(anonymous_30)
FN:245,(anonymous_31)
FNF:32
FNH:0
FNDA:0,(anonymous_0)
FNDA:0,(anonymous_1)
FNDA:0,(anonymous_2)
FNDA:0,(anonymous_3)
FNDA:0,(anonymous_4)
FNDA:0,(anonymous_5)
FNDA:0,(anonymous_6)
FNDA:0,(anonymous_7)
FNDA:0,(anonymous_8)
FNDA:0,(anonymous_9)
FNDA:0,(anonymous_10)
FNDA:0,(anonymous_11)
FNDA:0,(anonymous_12)
FNDA:0,(anonymous_13)
FNDA:0,(anonymous_14)
FNDA:0,(anonymous_15)
FNDA:0,(anonymous_16)
FNDA:0,(anonymous_17)
FNDA:0,(anonymous_18)
FNDA:0,(anonymous_19)
FNDA:0,(anonymous_20)
FNDA:0,(anonymous_21)
FNDA:0,(anonymous_22)
FNDA:0,(anonymous_23)
FNDA:0,(anonymous_24)
FNDA:0,(anonymous_25)
FNDA:0,(anonymous_26)
FNDA:0,(anonymous_27)
FNDA:0,(anonymous_28)
FNDA:0,(anonymous_29)
FNDA:0,(anonymous_30)
FNDA:0,(anonymous_31)
DA:9,0
DA:10,0
DA:13,0
DA:14,0
DA:15,0
DA:25,0
DA:26,0
DA:31,0
DA:32,0
DA:33,0
DA:34,0
DA:37,0
DA:38,0
DA:39,0
DA:40,0
DA:41,0
DA:44,0
DA:45,0
DA:53,0
DA:54,0
DA:55,0
DA:56,0
DA:58,0
DA:66,0
DA:67,0
DA:68,0
DA:72,0
DA:74,0
DA:77,0
DA:86,0
DA:88,0
DA:89,0
DA:90,0
DA:92,0
DA:93,0
DA:96,0
DA:103,0
DA:104,0
DA:111,0
DA:112,0
DA:113,0
DA:114,0
DA:122,0
DA:123,0
DA:124,0
DA:125,0
DA:134,0
DA:141,0
DA:143,0
DA:144,0
DA:145,0
DA:146,0
DA:147,0
DA:150,0
DA:157,0
DA:158,0
DA:159,0
DA:166,0
DA:173,0
DA:174,0
DA:182,0
DA:189,0
DA:190,0
DA:191,0
DA:193,0
DA:200,0
DA:207,0
DA:214,0
DA:221,0
DA:228,0
DA:229,0
DA:230,0
DA:231,0
DA:235,0
DA:239,0
DA:240,0
DA:241,0
DA:243,0
DA:245,0
LF:79
LH:0
BRDA:31,0,0,0
BRDA:31,0,1,0
BRDA:37,1,0,0
BRDA:37,1,1,0
BRDA:67,2,0,0
BRDA:67,2,1,0
BRDA:88,3,0,0
BRDA:88,3,1,0
BRDA:112,4,0,0
BRDA:112,4,1,0
BRDA:123,5,0,0
BRDA:123,5,1,0
BRDA:143,6,0,0
BRDA:143,6,1,0
BRDA:173,7,0,0
BRDA:173,7,1,0
BRF:16
BRH:0
end_of_record
TN:
SF:app\cart\tipos\ItemCarrinho.ts
FN:17,(anonymous_0)
FN:40,(anonymous_1)
FN:41,(anonymous_2)
FN:42,(anonymous_3)
FN:43,(anonymous_4)
FN:44,(anonymous_5)
FN:45,(anonymous_6)
FN:46,(anonymous_7)
FN:47,(anonymous_8)
FN:48,(anonymous_9)
FN:53,(anonymous_10)
FN:60,(anonymous_11)
FN:67,(anonymous_12)
FN:74,(anonymous_13)
FN:81,(anonymous_14)
FN:90,(anonymous_15)
FN:99,(anonymous_16)
FN:116,(anonymous_17)
FN:139,(anonymous_18)
FNF:19
FNH:0
FNDA:0,(anonymous_0)
FNDA:0,(anonymous_1)
FNDA:0,(anonymous_2)
FNDA:0,(anonymous_3)
FNDA:0,(anonymous_4)
FNDA:0,(anonymous_5)
FNDA:0,(anonymous_6)
FNDA:0,(anonymous_7)
FNDA:0,(anonymous_8)
FNDA:0,(anonymous_9)
FNDA:0,(anonymous_10)
FNDA:0,(anonymous_11)
FNDA:0,(anonymous_12)
FNDA:0,(anonymous_13)
FNDA:0,(anonymous_14)
FNDA:0,(anonymous_15)
FNDA:0,(anonymous_16)
FNDA:0,(anonymous_17)
FNDA:0,(anonymous_18)
DA:28,0
DA:29,0
DA:30,0
DA:31,0
DA:32,0
DA:33,0
DA:34,0
DA:35,0
DA:36,0
DA:40,0
DA:41,0
DA:42,0
DA:43,0
DA:44,0
DA:45,0
DA:46,0
DA:47,0
DA:48,0
DA:54,0
DA:61,0
DA:68,0
DA:75,0
DA:82,0
DA:83,0
DA:91,0
DA:92,0
DA:100,0
DA:117,0
DA:123,0
DA:147,0
DA:154,0
LF:31
LH:0
BRDA:36,0,0,0
BRDA:36,0,1,0
BRDA:82,1,0,0
BRDA:82,1,1,0
BRDA:91,2,0,0
BRDA:91,2,1,0
BRDA:125,3,0,0
BRDA:125,3,1,0
BRDA:126,4,0,0
BRDA:126,4,1,0
BRDA:129,5,0,0
BRDA:129,5,1,0
BRDA:130,6,0,0
BRDA:130,6,1,0
BRDA:131,7,0,0
BRDA:131,7,1,0
BRDA:132,8,0,0
BRDA:132,8,1,0
BRF:18
BRH:0
end_of_record
TN:
SF:app\compare\index.tsx
FN:19,CompareScreen
FN:39,(anonymous_1)
FNF:2
FNH:0
FNDA:0,CompareScreen
FNDA:0,(anonymous_1)
DA:20,0
DA:22,0
DA:40,0
DA:53,0
LF:4
LH:0
BRF:0
BRH:0
end_of_record
TN:
SF:app\compare\components\CompareHeader.tsx
FN:16,(anonymous_0)
FNF:1
FNH:0
FNDA:0,(anonymous_0)
DA:16,0
DA:21,0
DA:34,0
LF:3
LH:0
BRF:0
BRH:0
end_of_record
TN:
SF:app\compare\components\OfferCard.tsx
FN:17,(anonymous_0)
FN:29,(anonymous_1)
FN:82,(anonymous_2)
FNF:3
FNH:0
FNDA:0,(anonymous_0)
FNDA:0,(anonymous_1)
FNDA:0,(anonymous_2)
DA:17,0
DA:18,0
DA:29,0
DA:82,0
DA:89,0
LF:5
LH:0
BRDA:19,0,0,0
BRDA:19,0,1,0
BRDA:20,1,0,0
BRDA:20,1,1,0
BRDA:32,2,0,0
BRDA:32,2,1,0
BRDA:52,3,0,0
BRDA:52,3,1,0
BRDA:57,4,0,0
BRDA:57,4,1,0
BRDA:76,5,0,0
BRDA:76,5,1,0
BRDA:78,6,0,0
BRDA:78,6,1,0
BRF:14
BRH:0
end_of_record
TN:
SF:app\compare\components\StatsCard.tsx
FN:14,(anonymous_0)
FNF:1
FNH:0
FNDA:0,(anonymous_0)
DA:14,0
DA:15,0
DA:43,0
LF:3
LH:0
BRDA:32,0,0,0
BRDA:32,0,1,0
BRF:2
BRH:0
end_of_record
TN:
SF:app\compare\hooks\useCompare.ts
FN:57,(anonymous_0)
FN:60,(anonymous_1)
FN:61,(anonymous_2)
FN:65,(anonymous_3)
FN:66,(anonymous_4)
FN:70,(anonymous_5)
FN:74,(anonymous_6)
FN:75,(anonymous_7)
FN:84,(anonymous_8)
FN:93,(anonymous_9)
FNF:10
FNH:0
FNDA:0,(anonymous_0)
FNDA:0,(anonymous_1)
FNDA:0,(anonymous_2)
FNDA:0,(anonymous_3)
FNDA:0,(anonymous_4)
FNDA:0,(anonymous_5)
FNDA:0,(anonymous_6)
FNDA:0,(anonymous_7)
FNDA:0,(anonymous_8)
FNDA:0,(anonymous_9)
DA:10,0
DA:57,0
DA:58,0
DA:60,0
DA:61,0
DA:62,0
DA:65,0
DA:66,0
DA:70,0
DA:71,0
DA:74,0
DA:75,0
DA:76,0
DA:77,0
DA:85,0
DA:93,0
DA:94,0
DA:97,0
DA:103,0
LF:19
LH:0
BRDA:76,0,0,0
BRDA:76,0,1,0
BRF:2
BRH:0
end_of_record
TN:
SF:app\compare\hooks\useDadosComparacao.ts
FN:19,(anonymous_0)
FN:21,(anonymous_1)
FN:37,(anonymous_2)
FN:44,(anonymous_3)
FN:45,(anonymous_4)
FN:62,(anonymous_5)
FN:69,(anonymous_6)
FN:80,(anonymous_7)
FN:87,(anonymous_8)
FN:105,(anonymous_9)
FN:126,(anonymous_10)
FN:128,(anonymous_11)
FN:141,(anonymous_12)
FN:142,(anonymous_13)
FN:148,(anonymous_14)
FN:156,(anonymous_15)
FNF:16
FNH:0
FNDA:0,(anonymous_0)
FNDA:0,(anonymous_1)
FNDA:0,(anonymous_2)
FNDA:0,(anonymous_3)
FNDA:0,(anonymous_4)
FNDA:0,(anonymous_5)
FNDA:0,(anonymous_6)
FNDA:0,(anonymous_7)
FNDA:0,(anonymous_8)
FNDA:0,(anonymous_9)
FNDA:0,(anonymous_10)
FNDA:0,(anonymous_11)
FNDA:0,(anonymous_12)
FNDA:0,(anonymous_13)
FNDA:0,(anonymous_14)
FNDA:0,(anonymous_15)
DA:19,0
DA:21,0
DA:24,0
DA:25,0
DA:28,0
DA:37,0
DA:38,0
DA:44,0
DA:45,0
DA:46,0
DA:47,0
DA:48,0
DA:49,0
DA:51,0
DA:52,0
DA:56,0
DA:62,0
DA:63,0
DA:69,0
DA:70,0
DA:76,0
DA:81,0
DA:88,0
DA:90,0
DA:91,0
DA:92,0
DA:96,0
DA:98,0
DA:106,0
DA:113,0
DA:128,0
DA:130,0
DA:131,0
DA:132,0
DA:134,0
DA:142,0
DA:149,0
DA:150,0
DA:157,0
DA:158,0
DA:162,0
LF:41
LH:0
BRDA:25,0,0,0
BRDA:25,0,1,0
BRDA:37,1,0,0
BRDA:90,2,0,0
BRDA:90,2,1,0
BRDA:100,3,0,0
BRDA:100,3,1,0
BRDA:130,4,0,0
BRDA:130,4,1,0
BRF:9
BRH:0
end_of_record
TN:
SF:app\compare\servicos\ServicoComparacao.ts
FN:81,(anonymous_0)
FN:88,(anonymous_1)
FN:117,(anonymous_2)
FN:142,(anonymous_3)
FN:167,(anonymous_4)
FN:174,(anonymous_5)
FN:181,(anonymous_6)
FN:189,(anonymous_7)
FN:232,(anonymous_8)
FN:274,(anonymous_9)
FN:275,(anonymous_10)
FN:276,(anonymous_11)
FN:277,(anonymous_12)
FN:278,(anonymous_13)
FN:279,(anonymous_14)
FN:280,(anonymous_15)
FNF:16
FNH:0
FNDA:0,(anonymous_0)
FNDA:0,(anonymous_1)
FNDA:0,(anonymous_2)
FNDA:0,(anonymous_3)
FNDA:0,(anonymous_4)
FNDA:0,(anonymous_5)
FNDA:0,(anonymous_6)
FNDA:0,(anonymous_7)
FNDA:0,(anonymous_8)
FNDA:0,(anonymous_9)
FNDA:0,(anonymous_10)
FNDA:0,(anonymous_11)
FNDA:0,(anonymous_12)
FNDA:0,(anonymous_13)
FNDA:0,(anonymous_14)
FNDA:0,(anonymous_15)
DA:10,0
DA:78,0
DA:79,0
DA:82,0
DA:89,0
DA:90,0
DA:91,0
DA:93,0
DA:100,0
DA:102,0
DA:104,0
DA:106,0
DA:107,0
DA:108,0
DA:110,0
DA:118,0
DA:120,0
DA:123,0
DA:126,0
DA:129,0
DA:132,0
DA:135,0
DA:143,0
DA:145,0
DA:148,0
DA:151,0
DA:154,0
DA:157,0
DA:160,0
DA:168,0
DA:175,0
DA:182,0
DA:195,0
DA:196,0
DA:198,0
DA:199,0
DA:201,0
DA:202,0
DA:204,0
DA:205,0
DA:206,0
DA:207,0
DA:208,0
DA:209,0
DA:210,0
DA:211,0
DA:212,0
DA:213,0
DA:215,0
DA:218,0
DA:221,0
DA:236,0
DA:238,0
DA:240,0
DA:241,0
DA:243,0
DA:244,0
DA:247,0
DA:248,0
DA:251,0
DA:252,0
DA:255,0
DA:256,0
DA:259,0
DA:260,0
DA:263,0
DA:267,0
DA:274,0
DA:275,0
DA:276,0
DA:277,0
DA:278,0
DA:279,0
DA:280,0
LF:74
LH:0
BRDA:106,0,0,0
BRDA:106,0,1,0
BRDA:118,1,0,0
BRDA:118,1,1,0
BRDA:118,1,2,0
BRDA:118,1,3,0
BRDA:118,1,4,0
BRDA:118,1,5,0
BRDA:143,2,0,0
BRDA:143,2,1,0
BRDA:143,2,2,0
BRDA:143,2,3,0
BRDA:143,2,4,0
BRDA:143,2,5,0
BRDA:196,3,0,0
BRDA:196,3,1,0
BRDA:199,4,0,0
BRDA:199,4,1,0
BRDA:205,5,0,0
BRDA:205,5,1,0
BRDA:207,6,0,0
BRDA:207,6,1,0
BRDA:208,7,0,0
BRDA:208,7,1,0
BRDA:208,8,0,0
BRDA:208,8,1,0
BRDA:210,9,0,0
BRDA:210,9,1,0
BRDA:210,10,0,0
BRDA:210,10,1,0
BRDA:212,11,0,0
BRDA:212,11,1,0
BRDA:212,12,0,0
BRDA:212,12,1,0
BRDA:238,13,0,0
BRDA:238,13,1,0
BRDA:243,14,0,0
BRDA:243,14,1,0
BRDA:247,15,0,0
BRDA:247,15,1,0
BRDA:251,16,0,0
BRDA:251,16,1,0
BRDA:255,17,0,0
BRDA:255,17,1,0
BRDA:259,18,0,0
BRDA:259,18,1,0
BRDA:263,19,0,0
BRDA:263,19,1,0
BRF:48
BRH:0
end_of_record
TN:
SF:app\compare\tipos\ComparacaoProduto.ts
FN:14,(anonymous_0)
FN:27,(anonymous_1)
FN:28,(anonymous_2)
FN:29,(anonymous_3)
FN:30,(anonymous_4)
FN:35,(anonymous_5)
FN:42,(anonymous_6)
FN:49,(anonymous_7)
FN:51,(anonymous_8)
FN:57,(anonymous_9)
FN:59,(anonymous_10)
FN:65,(anonymous_11)
FN:67,(anonymous_12)
FN:74,(anonymous_13)
FN:76,(anonymous_14)
FN:82,(anonymous_15)
FN:89,(anonymous_16)
FN:96,(anonymous_17)
FN:103,(anonymous_18)
FN:110,(anonymous_19)
FN:117,(anonymous_20)
FN:119,(anonymous_21)
FN:120,(anonymous_22)
FN:128,(anonymous_23)
FN:129,(anonymous_24)
FN:135,(anonymous_25)
FN:136,(anonymous_26)
FN:142,(anonymous_27)
FN:143,(anonymous_28)
FN:149,(anonymous_29)
FN:150,(anonymous_30)
FN:156,(anonymous_31)
FN:157,(anonymous_32)
FN:163,(anonymous_33)
FN:164,(anonymous_34)
FN:170,(anonymous_35)
FN:171,(anonymous_36)
FN:177,(anonymous_37)
FN:178,(anonymous_38)
FN:186,(anonymous_39)
FN:187,(anonymous_40)
FN:193,(anonymous_41)
FN:194,(anonymous_42)
FN:202,(anonymous_43)
FN:219,(anonymous_44)
FN:238,(anonymous_45)
FN:239,(anonymous_46)
FN:245,(anonymous_47)
FN:250,(anonymous_48)
FN:257,(anonymous_49)
FN:262,(anonymous_50)
FN:269,(anonymous_51)
FN:274,(anonymous_52)
FN:281,(anonymous_53)
FNF:54
FNH:0
FNDA:0,(anonymous_0)
FNDA:0,(anonymous_1)
FNDA:0,(anonymous_2)
FNDA:0,(anonymous_3)
FNDA:0,(anonymous_4)
FNDA:0,(anonymous_5)
FNDA:0,(anonymous_6)
FNDA:0,(anonymous_7)
FNDA:0,(anonymous_8)
FNDA:0,(anonymous_9)
FNDA:0,(anonymous_10)
FNDA:0,(anonymous_11)
FNDA:0,(anonymous_12)
FNDA:0,(anonymous_13)
FNDA:0,(anonymous_14)
FNDA:0,(anonymous_15)
FNDA:0,(anonymous_16)
FNDA:0,(anonymous_17)
FNDA:0,(anonymous_18)
FNDA:0,(anonymous_19)
FNDA:0,(anonymous_20)
FNDA:0,(anonymous_21)
FNDA:0,(anonymous_22)
FNDA:0,(anonymous_23)
FNDA:0,(anonymous_24)
FNDA:0,(anonymous_25)
FNDA:0,(anonymous_26)
FNDA:0,(anonymous_27)
FNDA:0,(anonymous_28)
FNDA:0,(anonymous_29)
FNDA:0,(anonymous_30)
FNDA:0,(anonymous_31)
FNDA:0,(anonymous_32)
FNDA:0,(anonymous_33)
FNDA:0,(anonymous_34)
FNDA:0,(anonymous_35)
FNDA:0,(anonymous_36)
FNDA:0,(anonymous_37)
FNDA:0,(anonymous_38)
FNDA:0,(anonymous_39)
FNDA:0,(anonymous_40)
FNDA:0,(anonymous_41)
FNDA:0,(anonymous_42)
FNDA:0,(anonymous_43)
FNDA:0,(anonymous_44)
FNDA:0,(anonymous_45)
FNDA:0,(anonymous_46)
FNDA:0,(anonymous_47)
FNDA:0,(anonymous_48)
FNDA:0,(anonymous_49)
FNDA:0,(anonymous_50)
FNDA:0,(anonymous_51)
FNDA:0,(anonymous_52)
FNDA:0,(anonymous_53)
DA:20,0
DA:21,0
DA:22,0
DA:23,0
DA:27,0
DA:28,0
DA:29,0
DA:30,0
DA:36,0
DA:43,0
DA:50,0
DA:51,0
DA:58,0
DA:59,0
DA:66,0
DA:67,0
DA:68,0
DA:75,0
DA:76,0
DA:83,0
DA:90,0
DA:97,0
DA:104,0
DA:111,0
DA:118,0
DA:119,0
DA:121,0
DA:129,0
DA:136,0
DA:143,0
DA:150,0
DA:157,0
DA:164,0
DA:171,0
DA:178,0
DA:179,0
DA:187,0
DA:194,0
DA:195,0
DA:203,0
DA:220,0
DA:221,0
DA:222,0
DA:224,0
DA:225,0
DA:228,0
DA:229,0
DA:232,0
DA:239,0
DA:246,0
DA:250,0
DA:258,0
DA:262,0
DA:270,0
DA:274,0
DA:282,0
LF:56
LH:0
BRDA:23,0,0,0
BRDA:23,0,1,0
BRDA:50,1,0,0
BRDA:50,1,1,0
BRDA:58,2,0,0
BRDA:58,2,1,0
BRDA:66,3,0,0
BRDA:66,3,1,0
BRDA:75,4,0,0
BRDA:75,4,1,0
BRDA:118,5,0,0
BRDA:118,5,1,0
BRDA:119,6,0,0
BRDA:119,6,1,0
BRDA:121,7,0,0
BRDA:121,7,1,0
BRDA:224,8,0,0
BRDA:224,8,1,0
BRDA:228,9,0,0
BRDA:228,9,1,0
BRDA:259,10,0,0
BRDA:259,10,1,0
BRDA:259,10,2,0
BRDA:260,11,0,0
BRDA:260,11,1,0
BRDA:261,12,0,0
BRDA:261,12,1,0
BRDA:261,12,2,0
BRDA:262,13,0,0
BRDA:262,13,1,0
BRDA:271,14,0,0
BRDA:271,14,1,0
BRDA:272,15,0,0
BRDA:272,15,1,0
BRDA:272,15,2,0
BRDA:273,16,0,0
BRDA:273,16,1,0
BRDA:273,16,2,0
BRDA:273,16,3,0
BRDA:274,17,0,0
BRDA:274,17,1,0
BRDA:274,17,2,0
BRF:42
BRH:0
end_of_record
TN:
SF:app\compare\tipos\OfertaProduto.ts
FN:21,(anonymous_0)
FN:52,(anonymous_1)
FN:53,(anonymous_2)
FN:54,(anonymous_3)
FN:55,(anonymous_4)
FN:56,(anonymous_5)
FN:57,(anonymous_6)
FN:58,(anonymous_7)
FN:59,(anonymous_8)
FN:60,(anonymous_9)
FN:61,(anonymous_10)
FN:62,(anonymous_11)
FN:63,(anonymous_12)
FN:64,(anonymous_13)
FN:69,(anonymous_14)
FN:76,(anonymous_15)
FN:83,(anonymous_16)
FN:90,(anonymous_17)
FN:98,(anonymous_18)
FN:105,(anonymous_19)
FN:112,(anonymous_20)
FN:119,(anonymous_21)
FN:126,(anonymous_22)
FN:134,(anonymous_23)
FN:142,(anonymous_24)
FN:150,(anonymous_25)
FN:159,(anonymous_26)
FN:166,(anonymous_27)
FN:174,(anonymous_28)
FN:181,(anonymous_29)
FN:191,(anonymous_30)
FN:201,(anonymous_31)
FN:227,(anonymous_32)
FN:248,(anonymous_33)
FN:269,(anonymous_34)
FNF:35
FNH:0
FNDA:0,(anonymous_0)
FNDA:0,(anonymous_1)
FNDA:0,(anonymous_2)
FNDA:0,(anonymous_3)
FNDA:0,(anonymous_4)
FNDA:0,(anonymous_5)
FNDA:0,(anonymous_6)
FNDA:0,(anonymous_7)
FNDA:0,(anonymous_8)
FNDA:0,(anonymous_9)
FNDA:0,(anonymous_10)
FNDA:0,(anonymous_11)
FNDA:0,(anonymous_12)
FNDA:0,(anonymous_13)
FNDA:0,(anonymous_14)
FNDA:0,(anonymous_15)
FNDA:0,(anonymous_16)
FNDA:0,(anonymous_17)
FNDA:0,(anonymous_18)
FNDA:0,(anonymous_19)
FNDA:0,(anonymous_20)
FNDA:0,(anonymous_21)
FNDA:0,(anonymous_22)
FNDA:0,(anonymous_23)
FNDA:0,(anonymous_24)
FNDA:0,(anonymous_25)
FNDA:0,(anonymous_26)
FNDA:0,(anonymous_27)
FNDA:0,(anonymous_28)
FNDA:0,(anonymous_29)
FNDA:0,(anonymous_30)
FNDA:0,(anonymous_31)
FNDA:0,(anonymous_32)
FNDA:0,(anonymous_33)
FNDA:0,(anonymous_34)
DA:36,0
DA:37,0
DA:38,0
DA:39,0
DA:40,0
DA:41,0
DA:42,0
DA:43,0
DA:44,0
DA:45,0
DA:46,0
DA:47,0
DA:48,0
DA:52,0
DA:53,0
DA:54,0
DA:55,0
DA:56,0
DA:57,0
DA:58,0
DA:59,0
DA:60,0
DA:61,0
DA:62,0
DA:63,0
DA:64,0
DA:70,0
DA:77,0
DA:84,0
DA:91,0
DA:99,0
DA:106,0
DA:113,0
DA:120,0
DA:127,0
DA:128,0
DA:135,0
DA:136,0
DA:143,0
DA:144,0
DA:151,0
DA:152,0
DA:153,0
DA:160,0
DA:167,0
DA:168,0
DA:175,0
DA:182,0
DA:183,0
DA:184,0
DA:185,0
DA:192,0
DA:193,0
DA:194,0
DA:195,0
DA:202,0
DA:205,0
DA:208,0
DA:211,0
DA:214,0
DA:215,0
DA:216,0
DA:219,0
DA:221,0
DA:228,0
DA:249,0
DA:270,0
LF:67
LH:0
BRDA:91,0,0,0
BRDA:91,0,1,0
BRDA:127,1,0,0
BRDA:127,1,1,0
BRDA:135,2,0,0
BRDA:135,2,1,0
BRDA:143,3,0,0
BRDA:143,3,1,0
BRDA:143,4,0,0
BRDA:143,4,1,0
BRDA:152,5,0,0
BRDA:152,5,1,0
BRDA:168,6,0,0
BRDA:168,6,1,0
BRDA:182,7,0,0
BRDA:182,7,1,0
BRDA:183,8,0,0
BRDA:183,8,1,0
BRDA:184,9,0,0
BRDA:184,9,1,0
BRDA:192,10,0,0
BRDA:192,10,1,0
BRDA:193,11,0,0
BRDA:193,11,1,0
BRDA:194,12,0,0
BRDA:194,12,1,0
BRDA:205,13,0,0
BRDA:205,13,1,0
BRDA:208,14,0,0
BRDA:208,14,1,0
BRDA:211,15,0,0
BRDA:211,15,1,0
BRDA:215,16,0,0
BRDA:215,16,1,0
BRDA:216,17,0,0
BRDA:216,17,1,0
BRDA:219,18,0,0
BRDA:219,18,1,0
BRDA:251,19,0,0
BRDA:251,19,1,0
BRDA:252,20,0,0
BRDA:252,20,1,0
BRDA:253,21,0,0
BRDA:253,21,1,0
BRDA:254,22,0,0
BRDA:254,22,1,0
BRDA:257,23,0,0
BRDA:257,23,1,0
BRDA:258,24,0,0
BRDA:258,24,1,0
BRDA:259,25,0,0
BRDA:259,25,1,0
BRDA:260,26,0,0
BRDA:260,26,1,0
BRDA:261,27,0,0
BRDA:261,27,1,0
BRDA:262,28,0,0
BRDA:262,28,1,0
BRDA:272,29,0,0
BRDA:272,29,1,0
BRDA:273,30,0,0
BRDA:273,30,1,0
BRDA:273,30,2,0
BRDA:274,31,0,0
BRDA:274,31,1,0
BRDA:274,31,2,0
BRDA:275,32,0,0
BRDA:275,32,1,0
BRDA:275,32,2,0
BRDA:276,33,0,0
BRDA:276,33,1,0
BRDA:277,34,0,0
BRDA:277,34,1,0
BRDA:278,35,0,0
BRDA:278,35,1,0
BRDA:278,35,2,0
BRDA:279,36,0,0
BRDA:279,36,1,0
BRDA:279,36,2,0
BRDA:280,37,0,0
BRDA:280,37,1,0
BRDA:280,37,2,0
BRDA:281,38,0,0
BRDA:281,38,1,0
BRDA:281,38,2,0
BRDA:282,39,0,0
BRDA:282,39,1,0
BRDA:282,40,0,0
BRDA:282,40,1,0
BRDA:283,41,0,0
BRDA:283,41,1,0
BRDA:283,42,0,0
BRDA:283,42,1,0
BRF:93
BRH:0
end_of_record
TN:
SF:app\compare\types\compare.types.ts
FNF:0
FNH:0
LF:0
LH:0
BRF:0
BRH:0
end_of_record
TN:
SF:app\delivery\index.tsx
FN:21,DeliveryScreen
FN:27,(anonymous_1)
FN:28,(anonymous_2)
FN:30,(anonymous_3)
FN:39,(anonymous_4)
FN:60,(anonymous_5)
FN:64,(anonymous_6)
FNF:7
FNH:0
FNDA:0,DeliveryScreen
FNDA:0,(anonymous_1)
FNDA:0,(anonymous_2)
FNDA:0,(anonymous_3)
FNDA:0,(anonymous_4)
FNDA:0,(anonymous_5)
FNDA:0,(anonymous_6)
DA:22,0
DA:27,0
DA:28,0
DA:30,0
DA:31,0
DA:32,0
DA:33,0
DA:34,0
DA:35,0
DA:39,0
DA:40,0
DA:41,0
DA:42,0
DA:43,0
DA:44,0
DA:48,0
DA:61,0
DA:64,0
DA:96,0
LF:19
LH:0
BRDA:31,0,0,0
BRDA:31,0,1,0
BRDA:31,0,2,0
BRDA:31,0,3,0
BRDA:40,1,0,0
BRDA:40,1,1,0
BRDA:40,1,2,0
BRDA:40,1,3,0
BRF:8
BRH:0
end_of_record
TN:
SF:app\delivery\hooks\useDadosRastreamento.ts
FN:10,useDadosRastreamento
FN:11,(anonymous_1)
FN:20,(anonymous_2)
FN:27,(anonymous_3)
FN:44,(anonymous_4)
FN:54,(anonymous_5)
FN:61,(anonymous_6)
FN:68,(anonymous_7)
FN:75,(anonymous_8)
FN:76,(anonymous_9)
FN:79,(anonymous_10)
FNF:11
FNH:0
FNDA:0,useDadosRastreamento
FNDA:0,(anonymous_1)
FNDA:0,(anonymous_2)
FNDA:0,(anonymous_3)
FNDA:0,(anonymous_4)
FNDA:0,(anonymous_5)
FNDA:0,(anonymous_6)
FNDA:0,(anonymous_7)
FNDA:0,(anonymous_8)
FNDA:0,(anonymous_9)
FNDA:0,(anonymous_10)
DA:11,0
DA:12,0
DA:13,0
DA:14,0
DA:15,0
DA:20,0
DA:21,0
DA:27,0
DA:28,0
DA:29,0
DA:30,0
DA:31,0
DA:32,0
DA:34,0
DA:35,0
DA:37,0
DA:44,0
DA:45,0
DA:46,0
DA:48,0
DA:54,0
DA:55,0
DA:61,0
DA:62,0
DA:68,0
DA:69,0
DA:75,0
DA:77,0
DA:80,0
DA:81,0
DA:82,0
DA:89,0
LF:32
LH:0
BRDA:45,0,0,0
BRDA:45,0,1,0
BRDA:81,1,0,0
BRDA:81,1,1,0
BRF:4
BRH:0
end_of_record
TN:
SF:app\delivery\servicos\ServicoRastreamento.ts
FN:48,(anonymous_0)
FN:55,(anonymous_1)
FN:67,(anonymous_2)
FN:84,(anonymous_3)
FN:85,(anonymous_4)
FN:91,(anonymous_5)
FN:92,(anonymous_6)
FN:98,(anonymous_7)
FN:99,(anonymous_8)
FN:105,(anonymous_9)
FN:106,(anonymous_10)
FN:112,(anonymous_11)
FN:113,(anonymous_12)
FN:119,(anonymous_13)
FN:120,(anonymous_14)
FN:126,(anonymous_15)
FN:127,(anonymous_16)
FN:133,(anonymous_17)
FN:134,(anonymous_18)
FN:140,(anonymous_19)
FN:141,(anonymous_20)
FN:147,(anonymous_21)
FN:148,(anonymous_22)
FN:154,(anonymous_23)
FN:155,(anonymous_24)
FN:161,(anonymous_25)
FN:173,(anonymous_26)
FN:174,(anonymous_27)
FN:175,(anonymous_28)
FN:176,(anonymous_29)
FN:177,(anonymous_30)
FNF:31
FNH:0
FNDA:0,(anonymous_0)
FNDA:0,(anonymous_1)
FNDA:0,(anonymous_2)
FNDA:0,(anonymous_3)
FNDA:0,(anonymous_4)
FNDA:0,(anonymous_5)
FNDA:0,(anonymous_6)
FNDA:0,(anonymous_7)
FNDA:0,(anonymous_8)
FNDA:0,(anonymous_9)
FNDA:0,(anonymous_10)
FNDA:0,(anonymous_11)
FNDA:0,(anonymous_12)
FNDA:0,(anonymous_13)
FNDA:0,(anonymous_14)
FNDA:0,(anonymous_15)
FNDA:0,(anonymous_16)
FNDA:0,(anonymous_17)
FNDA:0,(anonymous_18)
FNDA:0,(anonymous_19)
FNDA:0,(anonymous_20)
FNDA:0,(anonymous_21)
FNDA:0,(anonymous_22)
FNDA:0,(anonymous_23)
FNDA:0,(anonymous_24)
FNDA:0,(anonymous_25)
FNDA:0,(anonymous_26)
FNDA:0,(anonymous_27)
FNDA:0,(anonymous_28)
FNDA:0,(anonymous_29)
FNDA:0,(anonymous_30)
DA:9,0
DA:45,0
DA:46,0
DA:49,0
DA:56,0
DA:57,0
DA:58,0
DA:60,0
DA:67,0
DA:69,0
DA:71,0
DA:73,0
DA:74,0
DA:75,0
DA:77,0
DA:85,0
DA:92,0
DA:99,0
DA:106,0
DA:113,0
DA:120,0
DA:127,0
DA:134,0
DA:141,0
DA:148,0
DA:155,0
DA:162,0
DA:173,0
DA:174,0
DA:175,0
DA:176,0
DA:177,0
LF:32
LH:0
BRDA:73,0,0,0
BRDA:73,0,1,0
BRDA:92,1,0,0
BRDA:92,1,1,0
BRF:4
BRH:0
end_of_record
TN:
SF:app\delivery\tipos\PedidoEntrega.ts
FN:19,(anonymous_0)
FN:42,(anonymous_1)
FN:43,(anonymous_2)
FN:44,(anonymous_3)
FN:45,(anonymous_4)
FN:46,(anonymous_5)
FN:47,(anonymous_6)
FN:48,(anonymous_7)
FN:49,(anonymous_8)
FN:50,(anonymous_9)
FN:53,(anonymous_10)
FN:54,(anonymous_11)
FN:55,(anonymous_12)
FN:56,(anonymous_13)
FN:58,(anonymous_14)
FN:68,(anonymous_15)
FN:78,(anonymous_16)
FN:89,(anonymous_17)
FN:93,(anonymous_18)
FN:101,(anonymous_19)
FN:115,(anonymous_20)
FN:129,(anonymous_21)
FNF:22
FNH:0
FNDA:0,(anonymous_0)
FNDA:0,(anonymous_1)
FNDA:0,(anonymous_2)
FNDA:0,(anonymous_3)
FNDA:0,(anonymous_4)
FNDA:0,(anonymous_5)
FNDA:0,(anonymous_6)
FNDA:0,(anonymous_7)
FNDA:0,(anonymous_8)
FNDA:0,(anonymous_9)
FNDA:0,(anonymous_10)
FNDA:0,(anonymous_11)
FNDA:0,(anonymous_12)
FNDA:0,(anonymous_13)
FNDA:0,(anonymous_14)
FNDA:0,(anonymous_15)
FNDA:0,(anonymous_16)
FNDA:0,(anonymous_17)
FNDA:0,(anonymous_18)
FNDA:0,(anonymous_19)
FNDA:0,(anonymous_20)
FNDA:0,(anonymous_21)
DA:30,0
DA:31,0
DA:32,0
DA:33,0
DA:34,0
DA:35,0
DA:36,0
DA:37,0
DA:38,0
DA:42,0
DA:43,0
DA:44,0
DA:45,0
DA:46,0
DA:47,0
DA:48,0
DA:49,0
DA:50,0
DA:53,0
DA:54,0
DA:55,0
DA:56,0
DA:59,0
DA:65,0
DA:69,0
DA:75,0
DA:79,0
DA:85,0
DA:90,0
DA:94,0
DA:102,0
DA:116,0
DA:130,0
LF:33
LH:0
BRDA:120,0,0,0
BRDA:120,0,1,0
BRDA:121,1,0,0
BRDA:121,1,1,0
BRDA:122,2,0,0
BRDA:122,2,1,0
BRDA:122,2,2,0
BRDA:123,3,0,0
BRDA:123,3,1,0
BRDA:123,3,2,0
BRDA:124,4,0,0
BRDA:124,4,1,0
BRDA:125,5,0,0
BRDA:125,5,1,0
BRDA:132,6,0,0
BRDA:132,6,1,0
BRDA:134,7,0,0
BRDA:134,7,1,0
BRDA:135,8,0,0
BRDA:135,8,1,0
BRDA:136,9,0,0
BRDA:136,9,1,0
BRDA:137,10,0,0
BRDA:137,10,1,0
BRDA:138,11,0,0
BRDA:138,11,1,0
BRDA:139,12,0,0
BRDA:139,12,1,0
BRF:28
BRH:0
end_of_record
TN:
SF:app\farmaceutico\validacao-receitas\index.tsx
FN:31,ValidacaoReceitasScreen
FN:43,(anonymous_1)
FN:57,(anonymous_2)
FN:64,(anonymous_3)
FN:72,(anonymous_4)
FN:80,(anonymous_5)
FN:100,(anonymous_6)
FN:109,(anonymous_7)
FN:133,(anonymous_8)
FN:161,(anonymous_9)
FN:172,(anonymous_10)
FN:181,(anonymous_11)
FN:214,(anonymous_12)
FN:223,(anonymous_13)
FN:241,(anonymous_14)
FN:260,(anonymous_15)
FNF:16
FNH:0
FNDA:0,ValidacaoReceitasScreen
FNDA:0,(anonymous_1)
FNDA:0,(anonymous_2)
FNDA:0,(anonymous_3)
FNDA:0,(anonymous_4)
FNDA:0,(anonymous_5)
FNDA:0,(anonymous_6)
FNDA:0,(anonymous_7)
FNDA:0,(anonymous_8)
FNDA:0,(anonymous_9)
FNDA:0,(anonymous_10)
FNDA:0,(anonymous_11)
FNDA:0,(anonymous_12)
FNDA:0,(anonymous_13)
FNDA:0,(anonymous_14)
FNDA:0,(anonymous_15)
DA:32,0
DA:33,0
DA:34,0
DA:35,0
DA:36,0
DA:37,0
DA:38,0
DA:43,0
DA:44,0
DA:45,0
DA:46,0
DA:47,0
DA:49,0
DA:50,0
DA:52,0
DA:53,0
DA:57,0
DA:58,0
DA:64,0
DA:65,0
DA:66,0
DA:72,0
DA:73,0
DA:81,0
DA:82,0
DA:83,0
DA:84,0
DA:85,0
DA:87,0
DA:89,0
DA:100,0
DA:101,0
DA:102,0
DA:103,0
DA:109,0
DA:110,0
DA:111,0
DA:112,0
DA:115,0
DA:117,0
DA:118,0
DA:119,0
DA:120,0
DA:121,0
DA:122,0
DA:124,0
DA:126,0
DA:133,0
DA:134,0
DA:162,0
DA:172,0
DA:181,0
DA:191,0
DA:214,0
DA:224,0
DA:241,0
DA:260,0
DA:285,0
LF:58
LH:0
BRDA:87,0,0,0
BRDA:87,0,1,0
BRDA:110,1,0,0
BRDA:110,1,1,0
BRDA:115,2,0,0
BRDA:115,2,1,0
BRDA:124,3,0,0
BRDA:124,3,1,0
BRDA:138,4,0,0
BRDA:138,4,1,0
BRDA:139,5,0,0
BRDA:139,5,1,0
BRDA:147,6,0,0
BRDA:147,6,1,0
BRDA:205,7,0,0
BRDA:205,7,1,0
BRDA:267,8,0,0
BRDA:267,8,1,0
BRDA:271,9,0,0
BRDA:271,9,1,0
BRF:20
BRH:0
end_of_record
TN:
SF:app\farmacia\dashboard\index.tsx
FN:27,FarmaciaDashboardScreen
FN:45,(anonymous_1)
FN:61,(anonymous_2)
FN:81,(anonymous_3)
FN:85,(anonymous_4)
FN:104,(anonymous_5)
FN:111,(anonymous_6)
FN:137,(anonymous_7)
FN:138,(anonymous_8)
FN:147,(anonymous_9)
FN:151,(anonymous_10)
FN:186,(anonymous_11)
FN:198,(anonymous_12)
FN:208,(anonymous_13)
FN:217,(anonymous_14)
FN:221,(anonymous_15)
FN:260,(anonymous_16)
FN:261,(anonymous_17)
FN:264,(anonymous_18)
FN:265,(anonymous_19)
FN:283,(anonymous_20)
FN:305,(anonymous_21)
FN:306,(anonymous_22)
FN:315,(anonymous_23)
FN:356,(anonymous_24)
FN:364,(anonymous_25)
FN:372,(anonymous_26)
FN:380,(anonymous_27)
FN:479,(anonymous_28)
FNF:29
FNH:0
FNDA:0,FarmaciaDashboardScreen
FNDA:0,(anonymous_1)
FNDA:0,(anonymous_2)
FNDA:0,(anonymous_3)
FNDA:0,(anonymous_4)
FNDA:0,(anonymous_5)
FNDA:0,(anonymous_6)
FNDA:0,(anonymous_7)
FNDA:0,(anonymous_8)
FNDA:0,(anonymous_9)
FNDA:0,(anonymous_10)
FNDA:0,(anonymous_11)
FNDA:0,(anonymous_12)
FNDA:0,(anonymous_13)
FNDA:0,(anonymous_14)
FNDA:0,(anonymous_15)
FNDA:0,(anonymous_16)
FNDA:0,(anonymous_17)
FNDA:0,(anonymous_18)
FNDA:0,(anonymous_19)
FNDA:0,(anonymous_20)
FNDA:0,(anonymous_21)
FNDA:0,(anonymous_22)
FNDA:0,(anonymous_23)
FNDA:0,(anonymous_24)
FNDA:0,(anonymous_25)
FNDA:0,(anonymous_26)
FNDA:0,(anonymous_27)
FNDA:0,(anonymous_28)
DA:43,0
DA:45,0
DA:46,0
DA:61,0
DA:62,0
DA:82,0
DA:85,0
DA:105,0
DA:111,0
DA:137,0
DA:139,0
DA:148,0
DA:151,0
DA:186,0
DA:198,0
DA:208,0
DA:209,0
DA:218,0
DA:221,0
DA:260,0
DA:262,0
DA:264,0
DA:265,0
DA:283,0
DA:284,0
DA:305,0
DA:307,0
DA:316,0
DA:356,0
DA:364,0
DA:372,0
DA:380,0
DA:403,0
DA:486,0
LF:34
LH:0
BRDA:84,0,0,0
BRDA:84,0,1,0
BRDA:87,1,0,0
BRDA:87,1,1,0
BRDA:88,2,0,0
BRDA:88,2,1,0
BRDA:88,3,0,0
BRDA:88,3,1,0
BRDA:109,4,0,0
BRDA:109,4,1,0
BRDA:114,5,0,0
BRDA:114,5,1,0
BRDA:114,6,0,0
BRDA:114,6,1,0
BRDA:116,7,0,0
BRDA:116,7,1,0
BRDA:119,8,0,0
BRDA:119,8,1,0
BRDA:120,9,0,0
BRDA:120,9,1,0
BRDA:120,10,0,0
BRDA:120,10,1,0
BRDA:130,11,0,0
BRDA:130,11,1,0
BRDA:148,12,0,0
BRDA:148,12,1,0
BRDA:154,13,0,0
BRDA:154,13,1,0
BRDA:155,14,0,0
BRDA:155,14,1,0
BRDA:160,15,0,0
BRDA:160,15,1,0
BRDA:161,16,0,0
BRDA:161,16,1,0
BRDA:162,17,0,0
BRDA:162,17,1,0
BRDA:165,18,0,0
BRDA:165,18,1,0
BRDA:166,19,0,0
BRDA:166,19,1,0
BRDA:167,20,0,0
BRDA:167,20,1,0
BRDA:170,21,0,0
BRDA:170,21,1,0
BRDA:176,22,0,0
BRDA:176,22,1,0
BRDA:185,23,0,0
BRDA:185,23,1,0
BRDA:189,24,0,0
BRDA:189,24,1,0
BRDA:191,25,0,0
BRDA:191,25,1,0
BRDA:220,26,0,0
BRDA:220,26,1,0
BRDA:223,27,0,0
BRDA:223,27,1,0
BRDA:224,28,0,0
BRDA:224,28,1,0
BRDA:225,29,0,0
BRDA:225,29,1,0
BRDA:226,30,0,0
BRDA:226,30,1,0
BRDA:227,31,0,0
BRDA:227,31,1,0
BRDA:228,32,0,0
BRDA:228,32,1,0
BRDA:229,33,0,0
BRDA:229,33,1,0
BRDA:230,34,0,0
BRDA:230,34,1,0
BRDA:240,35,0,0
BRDA:240,35,1,0
BRDA:244,36,0,0
BRDA:244,36,1,0
BRDA:244,37,0,0
BRDA:244,37,1,0
BRDA:249,38,0,0
BRDA:249,38,1,0
BRDA:252,39,0,0
BRDA:252,39,1,0
BRDA:254,40,0,0
BRDA:254,40,1,0
BRDA:293,41,0,0
BRDA:293,41,1,0
BRDA:297,42,0,0
BRDA:297,42,1,0
BRDA:297,43,0,0
BRDA:297,43,1,0
BRDA:318,44,0,0
BRDA:318,44,1,0
BRDA:322,45,0,0
BRDA:322,45,1,0
BRDA:325,46,0,0
BRDA:325,46,1,0
BRDA:327,47,0,0
BRDA:327,47,1,0
BRDA:340,48,0,0
BRDA:340,48,1,0
BRDA:346,49,0,0
BRDA:346,49,1,0
BRDA:361,50,0,0
BRDA:361,50,1,0
BRDA:407,51,0,0
BRDA:407,51,1,0
BRDA:407,51,2,0
BRDA:410,52,0,0
BRDA:410,52,1,0
BRDA:419,53,0,0
BRDA:419,53,1,0
BRDA:425,54,0,0
BRDA:425,54,1,0
BRDA:426,55,0,0
BRDA:426,55,1,0
BRDA:427,56,0,0
BRDA:427,56,1,0
BRDA:428,57,0,0
BRDA:428,57,1,0
BRF:117
BRH:0
end_of_record
TN:
SF:app\farmacia\dashboard\components\AcoesRapidas.tsx
FN:16,(anonymous_0)
FN:25,(anonymous_1)
FNF:2
FNH:0
FNDA:0,(anonymous_0)
FNDA:0,(anonymous_1)
DA:16,0
DA:17,0
DA:18,0
DA:21,0
DA:26,0
DA:50,0
LF:6
LH:0
BRDA:17,0,0,0
BRDA:17,0,1,0
BRDA:34,1,0,0
BRDA:34,1,1,0
BRDA:34,1,2,0
BRF:5
BRH:0
end_of_record
TN:
SF:app\farmacia\dashboard\components\AdicionarProdutoEstoqueModal.tsx
FN:31,(anonymous_0)
FN:47,(anonymous_1)
FN:61,(anonymous_2)
FN:62,(anonymous_3)
FN:68,(anonymous_4)
FN:71,(anonymous_5)
FN:72,(anonymous_6)
FN:86,(anonymous_7)
FN:87,(anonymous_8)
FN:93,(anonymous_9)
FN:97,(anonymous_10)
FN:104,(anonymous_11)
FN:105,(anonymous_12)
FN:123,(anonymous_13)
FN:130,(anonymous_14)
FN:133,(anonymous_15)
FN:137,(anonymous_16)
FN:140,(anonymous_17)
FN:145,(anonymous_18)
FN:152,(anonymous_19)
FN:179,(anonymous_20)
FN:189,(anonymous_21)
FN:203,(anonymous_22)
FN:233,(anonymous_23)
FN:237,(anonymous_24)
FN:257,(anonymous_25)
FN:314,(anonymous_26)
FNF:27
FNH:0
FNDA:0,(anonymous_0)
FNDA:0,(anonymous_1)
FNDA:0,(anonymous_2)
FNDA:0,(anonymous_3)
FNDA:0,(anonymous_4)
FNDA:0,(anonymous_5)
FNDA:0,(anonymous_6)
FNDA:0,(anonymous_7)
FNDA:0,(anonymous_8)
FNDA:0,(anonymous_9)
FNDA:0,(anonymous_10)
FNDA:0,(anonymous_11)
FNDA:0,(anonymous_12)
FNDA:0,(anonymous_13)
FNDA:0,(anonymous_14)
FNDA:0,(anonymous_15)
FNDA:0,(anonymous_16)
FNDA:0,(anonymous_17)
FNDA:0,(anonymous_18)
FNDA:0,(anonymous_19)
FNDA:0,(anonymous_20)
FNDA:0,(anonymous_21)
FNDA:0,(anonymous_22)
FNDA:0,(anonymous_23)
FNDA:0,(anonymous_24)
FNDA:0,(anonymous_25)
FNDA:0,(anonymous_26)
DA:31,0
DA:37,0
DA:38,0
DA:39,0
DA:40,0
DA:41,0
DA:42,0
DA:43,0
DA:44,0
DA:47,0
DA:48,0
DA:49,0
DA:50,0
DA:52,0
DA:54,0
DA:56,0
DA:59,0
DA:60,0
DA:61,0
DA:62,0
DA:64,0
DA:67,0
DA:68,0
DA:71,0
DA:72,0
DA:74,0
DA:75,0
DA:76,0
DA:79,0
DA:82,0
DA:84,0
DA:85,0
DA:86,0
DA:87,0
DA:89,0
DA:92,0
DA:93,0
DA:96,0
DA:97,0
DA:98,0
DA:104,0
DA:105,0
DA:107,0
DA:108,0
DA:109,0
DA:112,0
DA:114,0
DA:115,0
DA:116,0
DA:118,0
DA:123,0
DA:124,0
DA:125,0
DA:130,0
DA:131,0
DA:133,0
DA:134,0
DA:137,0
DA:140,0
DA:141,0
DA:142,0
DA:145,0
DA:146,0
DA:147,0
DA:148,0
DA:149,0
DA:152,0
DA:153,0
DA:155,0
DA:156,0
DA:158,0
DA:159,0
DA:160,0
DA:163,0
DA:164,0
DA:165,0
DA:168,0
DA:169,0
DA:170,0
DA:171,0
DA:173,0
DA:175,0
DA:179,0
DA:180,0
DA:181,0
DA:182,0
DA:183,0
DA:184,0
DA:185,0
DA:186,0
DA:189,0
DA:190,0
DA:203,0
DA:234,0
DA:237,0
DA:257,0
DA:258,0
DA:314,0
DA:315,0
DA:317,0
DA:319,0
DA:321,0
DA:323,0
DA:327,0
DA:345,0
LF:105
LH:0
BRDA:52,0,0,0
BRDA:52,0,1,0
BRDA:52,1,0,0
BRDA:52,1,1,0
BRDA:98,2,0,0
BRDA:98,2,1,0
BRDA:98,2,2,0
BRDA:98,2,3,0
BRDA:98,2,4,0
BRDA:124,3,0,0
BRDA:124,3,1,0
BRDA:124,4,0,0
BRDA:124,4,1,0
BRDA:131,5,0,0
BRDA:131,5,1,0
BRDA:153,6,0,0
BRDA:153,6,1,0
BRDA:158,7,0,0
BRDA:158,7,1,0
BRDA:158,8,0,0
BRDA:158,8,1,0
BRDA:163,9,0,0
BRDA:163,9,1,0
BRDA:163,10,0,0
BRDA:163,10,1,0
BRDA:173,11,0,0
BRDA:173,11,1,0
BRDA:202,12,0,0
BRDA:202,12,1,0
BRDA:209,13,0,0
BRDA:209,13,1,0
BRDA:217,14,0,0
BRDA:217,14,1,0
BRDA:217,14,2,0
BRDA:221,15,0,0
BRDA:221,15,1,0
BRDA:226,16,0,0
BRDA:226,16,1,0
BRDA:241,17,0,0
BRDA:241,17,1,0
BRDA:246,18,0,0
BRDA:246,18,1,0
BRDA:266,19,0,0
BRDA:266,19,1,0
BRDA:298,20,0,0
BRDA:298,20,1,0
BRDA:302,21,0,0
BRDA:302,21,1,0
BRDA:315,22,0,0
BRDA:315,22,1,0
BRDA:315,22,2,0
BRDA:315,22,3,0
BRDA:338,23,0,0
BRDA:338,23,1,0
BRF:54
BRH:0
end_of_record
TN:
SF:app\farmacia\dashboard\components\CartaoPedido.tsx
FN:17,(anonymous_0)
FN:21,(anonymous_1)
FN:51,(anonymous_2)
FN:65,(anonymous_3)
FN:72,(anonymous_4)
FN:105,(anonymous_5)
FN:129,(anonymous_6)
FNF:7
FNH:0
FNDA:0,(anonymous_0)
FNDA:0,(anonymous_1)
FNDA:0,(anonymous_2)
FNDA:0,(anonymous_3)
FNDA:0,(anonymous_4)
FNDA:0,(anonymous_5)
FNDA:0,(anonymous_6)
DA:17,0
DA:21,0
DA:22,0
DA:24,0
DA:26,0
DA:28,0
DA:30,0
DA:32,0
DA:34,0
DA:36,0
DA:38,0
DA:40,0
DA:42,0
DA:44,0
DA:51,0
DA:52,0
DA:59,0
DA:65,0
DA:66,0
DA:72,0
DA:73,0
DA:74,0
DA:83,0
DA:85,0
DA:106,0
DA:130,0
DA:131,0
DA:147,0
LF:28
LH:0
BRDA:22,0,0,0
BRDA:22,0,1,0
BRDA:22,0,2,0
BRDA:22,0,3,0
BRDA:22,0,4,0
BRDA:22,0,5,0
BRDA:22,0,6,0
BRDA:22,0,7,0
BRDA:22,0,8,0
BRDA:22,0,9,0
BRDA:22,0,10,0
BRDA:59,1,0,0
BRDA:59,1,1,0
BRDA:92,2,0,0
BRDA:92,2,1,0
BRDA:105,3,0,0
BRDA:105,3,1,0
BRDA:110,4,0,0
BRDA:110,4,1,0
BRDA:110,4,2,0
BRDA:112,5,0,0
BRDA:112,5,1,0
BRDA:122,6,0,0
BRDA:122,6,1,0
BRDA:122,6,2,0
BRDA:126,7,0,0
BRDA:126,7,1,0
BRDA:135,8,0,0
BRDA:135,8,1,0
BRDA:136,9,0,0
BRDA:136,9,1,0
BRDA:137,10,0,0
BRDA:137,10,1,0
BRF:33
BRH:0
end_of_record
TN:
SF:app\farmacia\dashboard\components\CartoesEstatisticas.tsx
FN:16,(anonymous_0)
FN:21,(anonymous_1)
FN:69,(anonymous_2)
FNF:3
FNH:0
FNDA:0,(anonymous_0)
FNDA:0,(anonymous_1)
FNDA:0,(anonymous_2)
DA:16,0
DA:17,0
DA:18,0
DA:21,0
DA:22,0
DA:25,0
DA:66,0
DA:70,0
DA:93,0
LF:9
LH:0
BRDA:17,0,0,0
BRDA:17,0,1,0
BRDA:75,1,0,0
BRDA:75,1,1,0
BRF:4
BRH:0
end_of_record
TN:
SF:app\farmacia\dashboard\components\ConfirmarDesativacaoFarmaceuticoModal.tsx
FN:26,(anonymous_0)
FNF:1
FNH:0
FNDA:0,(anonymous_0)
DA:26,0
DA:33,0
DA:35,0
DA:110,0
LF:4
LH:0
BRDA:31,0,0,0
BRDA:33,1,0,0
BRDA:33,1,1,0
BRDA:90,2,0,0
BRDA:90,2,1,0
BRDA:94,3,0,0
BRDA:94,3,1,0
BRF:7
BRH:0
end_of_record
TN:
SF:app\farmacia\dashboard\components\ConfirmarRemocaoModal.tsx
FN:21,(anonymous_0)
FNF:1
FNH:0
FNDA:0,(anonymous_0)
DA:21,0
DA:30,0
DA:32,0
DA:132,0
LF:4
LH:0
BRDA:27,0,0,0
BRDA:28,1,0,0
BRDA:30,2,0,0
BRDA:30,2,1,0
BRDA:43,3,0,0
BRDA:43,3,1,0
BRDA:64,4,0,0
BRDA:64,4,1,0
BRDA:81,5,0,0
BRDA:81,5,1,0
BRDA:85,6,0,0
BRDA:85,6,1,0
BRDA:110,7,0,0
BRDA:110,7,1,0
BRDA:114,8,0,0
BRDA:114,8,1,0
BRF:16
BRH:0
end_of_record
TN:
SF:app\farmacia\dashboard\components\DashboardHeader.tsx
FN:15,(anonymous_0)
FNF:1
FNH:0
FNDA:0,(anonymous_0)
DA:15,0
DA:16,0
DA:29,0
LF:3
LH:0
BRDA:20,0,0,0
BRDA:20,0,1,0
BRF:2
BRH:0
end_of_record
TN:
SF:app\farmacia\dashboard\components\EditarFarmaceuticoModal.tsx
FN:28,(anonymous_0)
FN:39,(anonymous_1)
FN:47,(anonymous_2)
FN:64,(anonymous_3)
FN:77,(anonymous_4)
FN:110,(anonymous_5)
FN:126,(anonymous_6)
FNF:7
FNH:0
FNDA:0,(anonymous_0)
FNDA:0,(anonymous_1)
FNDA:0,(anonymous_2)
FNDA:0,(anonymous_3)
FNDA:0,(anonymous_4)
FNDA:0,(anonymous_5)
FNDA:0,(anonymous_6)
DA:28,0
DA:34,0
DA:35,0
DA:36,0
DA:37,0
DA:39,0
DA:40,0
DA:41,0
DA:42,0
DA:43,0
DA:47,0
DA:48,0
DA:50,0
DA:51,0
DA:54,0
DA:55,0
DA:56,0
DA:57,0
DA:60,0
DA:61,0
DA:64,0
DA:65,0
DA:67,0
DA:68,0
DA:69,0
DA:73,0
DA:77,0
DA:78,0
DA:79,0
DA:80,0
DA:84,0
DA:87,0
DA:89,0
DA:111,0
DA:112,0
DA:127,0
DA:128,0
DA:129,0
DA:183,0
LF:39
LH:0
BRDA:40,0,0,0
BRDA:40,0,1,0
BRDA:50,1,0,0
BRDA:50,1,1,0
BRDA:54,2,0,0
BRDA:54,2,1,0
BRDA:56,3,0,0
BRDA:56,3,1,0
BRDA:65,4,0,0
BRDA:65,4,1,0
BRDA:65,5,0,0
BRDA:65,5,1,0
BRDA:79,6,0,0
BRDA:79,6,1,0
BRDA:87,7,0,0
BRDA:87,7,1,0
BRDA:92,8,0,0
BRDA:92,8,1,0
BRDA:108,9,0,0
BRDA:108,9,1,0
BRDA:112,10,0,0
BRDA:112,10,1,0
BRDA:117,11,0,0
BRDA:117,11,1,0
BRDA:124,12,0,0
BRDA:124,12,1,0
BRDA:129,13,0,0
BRDA:129,13,1,0
BRDA:136,14,0,0
BRDA:136,14,1,0
BRDA:163,15,0,0
BRDA:163,15,1,0
BRDA:167,16,0,0
BRDA:167,16,1,0
BRF:34
BRH:0
end_of_record
TN:
SF:app\farmacia\dashboard\components\GraficoVendas.tsx
FN:16,(anonymous_0)
FN:22,(anonymous_1)
FN:24,(anonymous_2)
FN:28,(anonymous_3)
FN:55,(anonymous_4)
FNF:5
FNH:0
FNDA:0,(anonymous_0)
FNDA:0,(anonymous_1)
FNDA:0,(anonymous_2)
FNDA:0,(anonymous_3)
FNDA:0,(anonymous_4)
DA:16,0
DA:17,0
DA:18,0
DA:21,0
DA:22,0
DA:24,0
DA:25,0
DA:28,0
DA:29,0
DA:30,0
DA:33,0
DA:56,0
DA:58,0
DA:74,0
LF:14
LH:0
BRDA:17,0,0,0
BRDA:17,0,1,0
BRDA:29,1,0,0
BRDA:29,1,1,0
BRDA:43,2,0,0
BRDA:43,2,1,0
BRDA:45,3,0,0
BRDA:45,3,1,0
BRF:8
BRH:0
end_of_record
TN:
SF:app\farmacia\dashboard\components\SecaoAlertas.tsx
FN:16,(anonymous_0)
FN:17,(anonymous_1)
FN:31,(anonymous_2)
FN:72,(anonymous_3)
FNF:4
FNH:0
FNDA:0,(anonymous_0)
FNDA:0,(anonymous_1)
FNDA:0,(anonymous_2)
FNDA:0,(anonymous_3)
DA:16,0
DA:17,0
DA:18,0
DA:20,0
DA:22,0
DA:24,0
DA:27,0
DA:31,0
DA:32,0
DA:34,0
DA:36,0
DA:38,0
DA:40,0
DA:42,0
DA:44,0
DA:46,0
DA:48,0
DA:52,0
DA:53,0
DA:64,0
DA:73,0
DA:99,0
LF:22
LH:0
BRDA:18,0,0,0
BRDA:18,0,1,0
BRDA:18,0,2,0
BRDA:18,0,3,0
BRDA:18,0,4,0
BRDA:32,1,0,0
BRDA:32,1,1,0
BRDA:32,1,2,0
BRDA:32,1,3,0
BRDA:32,1,4,0
BRDA:32,1,5,0
BRDA:32,1,6,0
BRDA:32,1,7,0
BRDA:52,2,0,0
BRDA:52,2,1,0
BRDA:85,3,0,0
BRDA:85,3,1,0
BRDA:88,4,0,0
BRDA:88,4,1,0
BRF:19
BRH:0
end_of_record
TN:
SF:app\farmacia\dashboard\components\TabBar.tsx
FN:29,(anonymous_0)
FN:32,(anonymous_1)
FN:38,(anonymous_2)
FNF:3
FNH:0
FNDA:0,(anonymous_0)
FNDA:0,(anonymous_1)
FNDA:0,(anonymous_2)
DA:17,0
DA:29,0
DA:30,0
DA:33,0
DA:34,0
DA:38,0
DA:53,0
LF:7
LH:0
BRDA:37,0,0,0
BRDA:37,0,1,0
BRDA:43,1,0,0
BRDA:43,1,1,0
BRDA:45,2,0,0
BRDA:45,2,1,0
BRF:6
BRH:0
end_of_record
TN:
SF:app\farmacia\dashboard\hooks\useDadosDashboard.ts
FN:37,(anonymous_0)
FN:41,(anonymous_1)
FN:70,(anonymous_2)
FN:77,(anonymous_3)
FN:78,(anonymous_4)
FN:106,(anonymous_5)
FN:118,(anonymous_6)
FN:132,(anonymous_7)
FN:138,(anonymous_8)
FN:140,(anonymous_9)
FN:149,(anonymous_10)
FN:150,(anonymous_11)
FN:152,(anonymous_12)
FN:154,(anonymous_13)
FN:156,(anonymous_14)
FN:171,(anonymous_15)
FN:172,(anonymous_16)
FN:178,(anonymous_17)
FN:179,(anonymous_18)
FN:185,(anonymous_19)
FN:186,(anonymous_20)
FN:192,(anonymous_21)
FN:196,(anonymous_22)
FN:206,(anonymous_23)
FN:207,(anonymous_24)
FN:217,(anonymous_25)
FN:221,(anonymous_26)
FN:235,(anonymous_27)
FN:236,(anonymous_28)
FN:246,(anonymous_29)
FN:252,(anonymous_30)
FN:262,(anonymous_31)
FN:273,(anonymous_32)
FN:274,(anonymous_33)
FN:294,(anonymous_34)
[...]
DA:62,0
DA:69,0
DA:70,0
DA:71,0
DA:73,0
DA:74,0
DA:81,0
DA:82,0
DA:83,0
DA:87,0
DA:88,0
DA:95,0
DA:99,0
DA:106,0
DA:110,0
DA:111,0
DA:113,0
LF:36
LH:0
BRDA:110,0,0,0
BRDA:110,0,1,0
BRF:2
BRH:0
end_of_record
TN:
SF:src\servicos\enderecos\enderecoService.ts
FN:20,(anonymous_0)
FN:72,(anonymous_1)
FN:115,(anonymous_2)
FN:149,(anonymous_3)
FN:173,(anonymous_4)
FNF:5
FNH:0
FNDA:0,(anonymous_0)
FNDA:0,(anonymous_1)
FNDA:0,(anonymous_2)
FNDA:0,(anonymous_3)
FNDA:0,(anonymous_4)
DA:20,0
DA:21,0
DA:22,0
DA:24,0
DA:26,0
DA:29,0
DA:32,0
DA:33,0
DA:34,0
DA:41,0
DA:42,0
DA:43,0
DA:49,0
DA:50,0
DA:55,0
DA:57,0
DA:58,0
DA:61,0
DA:72,0
DA:73,0
DA:74,0
DA:80,0
DA:85,0
DA:88,0
DA:90,0
DA:95,0
DA:97,0
DA:99,0
DA:100,0
DA:103,0
DA:115,0
DA:119,0
DA:120,0
DA:122,0
DA:128,0
DA:130,0
DA:131,0
DA:133,0
DA:135,0
DA:136,0
DA:139,0
DA:149,0
DA:150,0
DA:151,0
DA:153,0
DA:155,0
DA:157,0
DA:159,0
DA:160,0
DA:163,0
DA:173,0
DA:181,0
DA:183,0
DA:185,0
DA:186,0
DA:189,0
DA:191,0
DA:192,0
DA:194,0
DA:195,0
DA:198,0
DA:200,0
DA:209,0
DA:210,0
LF:64
LH:0
BRDA:29,0,0,0
BRDA:29,0,1,0
BRDA:32,1,0,0
BRDA:32,1,1,0
BRDA:41,2,0,0
BRDA:41,2,1,0
BRDA:41,3,0,0
BRDA:41,3,1,0
BRDA:45,4,0,0
BRDA:45,4,1,0
BRDA:57,5,0,0
BRDA:57,5,1,0
BRDA:58,6,0,0
BRDA:58,6,1,0
BRDA:88,7,0,0
BRDA:88,7,1,0
BRDA:99,8,0,0
BRDA:99,8,1,0
BRDA:100,9,0,0
BRDA:100,9,1,0
BRDA:128,10,0,0
BRDA:128,10,1,0
BRDA:135,11,0,0
BRDA:135,11,1,0
BRDA:136,12,0,0
BRDA:136,12,1,0
BRDA:159,13,0,0
BRDA:159,13,1,0
BRDA:160,14,0,0
BRDA:160,14,1,0
BRDA:185,15,0,0
BRDA:185,15,1,0
BRDA:194,16,0,0
BRDA:194,16,1,0
BRDA:202,17,0,0
BRDA:202,17,1,0
BRDA:203,18,0,0
BRDA:203,18,1,0
BRDA:204,19,0,0
BRDA:204,19,1,0
BRDA:205,20,0,0
BRDA:205,20,1,0
BRDA:206,21,0,0
BRDA:206,21,1,0
BRDA:210,22,0,0
BRDA:210,22,1,0
BRF:46
BRH:0
end_of_record
TN:
SF:src\servicos\estoque\estoqueService.ts
FN:27,(anonymous_0)
FN:38,(anonymous_1)
FN:83,(anonymous_2)
FN:130,(anonymous_3)
FN:135,(anonymous_4)
FN:155,(anonymous_5)
FN:159,(anonymous_6)
FN:166,(anonymous_7)
FN:184,(anonymous_8)
FN:197,(anonymous_9)
FN:215,(anonymous_10)
FN:246,(anonymous_11)
FN:255,(anonymous_12)
FN:263,(anonymous_13)
FN:267,(anonymous_14)
FN:268,(anonymous_15)
FN:269,(anonymous_16)
FN:270,(anonymous_17)
FN:284,(anonymous_18)
FN:286,(anonymous_19)
FN:292,(anonymous_20)
FN:294,(anonymous_21)
FN:300,(anonymous_22)
FN:305,(anonymous_23)
FN:317,(anonymous_24)
FN:326,(anonymous_25)
FN:327,(anonymous_26)
FN:342,(anonymous_27)
FN:351,(anonymous_28)
FN:362,(anonymous_29)
FNF:30
FNH:0
FNDA:0,(anonymous_0)
FNDA:0,(anonymous_1)
FNDA:0,(anonymous_2)
FNDA:0,(anonymous_3)
FNDA:0,(anonymous_4)
FNDA:0,(anonymous_5)
FNDA:0,(anonymous_6)
FNDA:0,(anonymous_7)
FNDA:0,(anonymous_8)
FNDA:0,(anonymous_9)
FNDA:0,(anonymous_10)
FNDA:0,(anonymous_11)
FNDA:0,(anonymous_12)
FNDA:0,(anonymous_13)
FNDA:0,(anonymous_14)
FNDA:0,(anonymous_15)
FNDA:0,(anonymous_16)
FNDA:0,(anonymous_17)
FNDA:0,(anonymous_18)
FNDA:0,(anonymous_19)
FNDA:0,(anonymous_20)
FNDA:0,(anonymous_21)
FNDA:0,(anonymous_22)
FNDA:0,(anonymous_23)
FNDA:0,(anonymous_24)
FNDA:0,(anonymous_25)
FNDA:0,(anonymous_26)
FNDA:0,(anonymous_27)
FNDA:0,(anonymous_28)
FNDA:0,(anonymous_29)
DA:27,0
DA:28,0
DA:29,0
DA:38,0
DA:39,0
DA:41,0
DA:43,0
DA:44,0
DA:45,0
DA:47,0
DA:48,0
DA:51,0
DA:54,0
DA:55,0
DA:56,0
DA:58,0
DA:59,0
DA:61,0
DA:64,0
DA:65,0
DA:66,0
DA:67,0
DA:68,0
DA:69,0
DA:70,0
DA:72,0
DA:75,0
DA:76,0
DA:80,0
DA:82,0
DA:84,0
DA:85,0
DA:88,0
DA:90,0
DA:91,0
DA:92,0
DA:95,0
DA:96,0
DA:97,0
DA:98,0
DA:99,0
DA:100,0
DA:101,0
DA:103,0
DA:104,0
DA:105,0
DA:109,0
DA:112,0
DA:128,0
DA:130,0
DA:133,0
DA:134,0
DA:135,0
DA:136,0
DA:141,0
DA:143,0
DA:146,0
DA:147,0
DA:150,0
DA:152,0
DA:155,0
DA:157,0
DA:158,0
DA:159,0
DA:161,0
DA:164,0
DA:165,0
DA:166,0
DA:167,0
DA:172,0
DA:175,0
DA:176,0
DA:184,0
DA:187,0
DA:197,0
DA:201,0
DA:205,0
DA:206,0
DA:207,0
DA:208,0
DA:215,0
DA:216,0
DA:217,0
DA:218,0
DA:219,0
DA:220,0
DA:221,0
DA:222,0
DA:224,0
DA:226,0
DA:227,0
DA:231,0
DA:232,0
DA:235,0
DA:238,0
DA:246,0
DA:247,0
DA:248,0
DA:255,0
DA:256,0
DA:257,0
DA:263,0
DA:264,0
DA:266,0
DA:267,0
DA:268,0
DA:269,0
DA:270,0
DA:272,0
DA:284,0
DA:285,0
DA:286,0
DA:292,0
DA:293,0
DA:294,0
DA:300,0
DA:301,0
DA:304,0
DA:305,0
DA:317,0
DA:321,0
DA:324,0
DA:325,0
DA:326,0
DA:329,0
DA:330,0
DA:332,0
DA:333,0
DA:335,0
DA:339,0
DA:342,0
DA:351,0
DA:353,0
DA:356,0
DA:357,0
DA:361,0
DA:362,0
DA:363,0
LF:138
LH:0
BRDA:38,0,0,0
BRDA:45,1,0,0
BRDA:45,1,1,0
BRDA:47,2,0,0
BRDA:47,2,1,0
BRDA:61,3,0,0
BRDA:61,3,1,0
BRDA:65,4,0,0
BRDA:65,4,1,0
BRDA:67,5,0,0
BRDA:67,5,1,0
BRDA:67,6,0,0
BRDA:67,6,1,0
BRDA:69,7,0,0
BRDA:69,7,1,0
BRDA:69,8,0,0
BRDA:69,8,1,0
BRDA:88,9,0,0
BRDA:88,9,1,0
BRDA:88,10,0,0
BRDA:88,10,1,0
BRDA:91,11,0,0
BRDA:91,11,1,0
BRDA:95,12,0,0
BRDA:95,12,1,0
BRDA:100,13,0,0
BRDA:100,13,1,0
BRDA:104,14,0,0
BRDA:104,14,1,0
BRDA:119,15,0,0
BRDA:119,15,1,0
BRDA:133,16,0,0
BRDA:133,16,1,0
BRDA:133,17,0,0
BRDA:133,17,1,0
BRDA:136,18,0,0
BRDA:136,18,1,0
BRDA:136,18,2,0
BRDA:150,19,0,0
BRDA:150,19,1,0
BRDA:150,20,0,0
BRDA:150,20,1,0
BRDA:164,21,0,0
BRDA:164,21,1,0
BRDA:164,22,0,0
BRDA:164,22,1,0
BRDA:167,23,0,0
BRDA:167,23,1,0
BRDA:167,23,2,0
BRDA:226,24,0,0
BRDA:226,24,1,0
BRDA:231,25,0,0
BRDA:231,25,1,0
BRDA:231,25,2,0
BRDA:232,26,0,0
BRDA:232,26,1,0
BRDA:232,27,0,0
BRDA:232,27,1,0
BRDA:232,27,2,0
BRDA:269,28,0,0
BRDA:269,28,1,0
BRDA:286,29,0,0
BRDA:286,29,1,0
BRDA:300,30,0,0
BRDA:318,31,0,0
BRDA:319,32,0,0
BRDA:329,33,0,0
BRDA:329,33,1,0
BRDA:356,34,0,0
BRDA:356,34,1,0
BRDA:356,35,0,0
BRDA:356,35,1,0
BRDA:363,36,0,0
BRDA:363,36,1,0
BRDA:363,36,2,0
BRDA:363,36,3,0
BRDA:363,36,4,0
BRF:77
BRH:0
end_of_record
TN:
SF:src\servicos\farmaceutico\farmaceuticoService.ts
FN:15,(anonymous_0)
FN:24,(anonymous_1)
FN:33,(anonymous_2)
FN:49,(anonymous_3)
FN:57,(anonymous_4)
FN:67,(anonymous_5)
FNF:6
FNH:0
FNDA:0,(anonymous_0)
FNDA:0,(anonymous_1)
FNDA:0,(anonymous_2)
FNDA:0,(anonymous_3)
FNDA:0,(anonymous_4)
FNDA:0,(anonymous_5)
DA:15,0
DA:16,0
DA:17,0
DA:24,0
DA:27,0
DA:33,0
DA:35,0
DA:38,0
DA:41,0
DA:43,0
DA:49,0
DA:50,0
DA:51,0
DA:57,0
DA:58,0
DA:59,0
DA:61,0
DA:67,0
DA:68,0
DA:69,0
LF:20
LH:0
BRDA:38,0,0,0
BRDA:38,0,1,0
BRDA:41,1,0,0
BRDA:41,1,1,0
BRDA:59,2,0,0
BRDA:59,2,1,0
BRF:6
BRH:0
end_of_record
TN:
SF:src\servicos\farmaceutico\receitaService.ts
FN:15,(anonymous_0)
FN:45,(anonymous_1)
FN:74,(anonymous_2)
FNF:3
FNH:0
FNDA:0,(anonymous_0)
FNDA:0,(anonymous_1)
FNDA:0,(anonymous_2)
DA:15,0
DA:16,0
DA:17,0
DA:19,0
DA:21,0
DA:23,0
DA:25,0
DA:27,0
DA:28,0
DA:29,0
DA:32,0
DA:45,0
DA:46,0
DA:47,0
DA:49,0
DA:54,0
DA:56,0
DA:58,0
DA:60,0
DA:74,0
DA:78,0
DA:79,0
DA:81,0
DA:86,0
DA:88,0
DA:90,0
DA:92,0
LF:27
LH:0
BRDA:27,0,0,0
BRDA:27,0,1,0
BRDA:33,1,0,0
BRDA:33,1,1,0
BRDA:61,2,0,0
BRDA:61,2,1,0
BRDA:93,3,0,0
BRDA:93,3,1,0
BRF:8
BRH:0
end_of_record
TN:
SF:src\servicos\farmacia\farmaceuticoService.ts
FN:19,(anonymous_0)
FN:48,(anonymous_1)
FN:74,(anonymous_2)
FNF:3
FNH:0
FNDA:0,(anonymous_0)
FNDA:0,(anonymous_1)
FNDA:0,(anonymous_2)
DA:19,0
DA:20,0
DA:21,0
DA:23,0
DA:27,0
DA:32,0
DA:34,0
DA:36,0
DA:37,0
DA:40,0
DA:48,0
DA:49,0
DA:50,0
DA:52,0
DA:57,0
DA:58,0
DA:60,0
DA:62,0
DA:63,0
DA:66,0
DA:74,0
DA:78,0
DA:79,0
DA:84,0
DA:89,0
DA:90,0
DA:92,0
DA:94,0
DA:95,0
DA:98,0
LF:30
LH:0
BRDA:36,0,0,0
BRDA:36,0,1,0
BRDA:37,1,0,0
BRDA:37,1,1,0
BRDA:62,2,0,0
BRDA:62,2,1,0
BRDA:63,3,0,0
BRDA:63,3,1,0
BRDA:94,4,0,0
BRDA:94,4,1,0
BRDA:95,5,0,0
BRDA:95,5,1,0
BRF:12
BRH:0
end_of_record
TN:
SF:src\servicos\farmacia\farmaciaAdminService.ts
FN:28,(anonymous_0)
FN:61,(anonymous_1)
FN:93,(anonymous_2)
FN:122,(anonymous_3)
FN:154,(anonymous_4)
FN:185,(anonymous_5)
FN:210,(anonymous_6)
FN:242,(anonymous_7)
FN:267,(anonymous_8)
FN:292,(anonymous_9)
FN:323,(anonymous_10)
FN:348,(anonymous_11)
FN:374,(anonymous_12)
FN:400,(anonymous_13)
FNF:14
FNH:0
FNDA:0,(anonymous_0)
FNDA:0,(anonymous_1)
FNDA:0,(anonymous_2)
FNDA:0,(anonymous_3)
FNDA:0,(anonymous_4)
FNDA:0,(anonymous_5)
FNDA:0,(anonymous_6)
FNDA:0,(anonymous_7)
FNDA:0,(anonymous_8)
FNDA:0,(anonymous_9)
FNDA:0,(anonymous_10)
FNDA:0,(anonymous_11)
FNDA:0,(anonymous_12)
FNDA:0,(anonymous_13)
DA:28,0
DA:31,0
DA:32,0
DA:39,0
DA:44,0
DA:45,0
DA:47,0
DA:49,0
DA:50,0
DA:53,0
DA:61,0
DA:64,0
DA:65,0
DA:71,0
DA:76,0
DA:77,0
DA:79,0
DA:81,0
DA:82,0
DA:85,0
DA:93,0
DA:94,0
DA:95,0
DA:97,0
DA:101,0
DA:106,0
DA:108,0
DA:110,0
DA:111,0
DA:114,0
DA:122,0
DA:126,0
DA:127,0
DA:132,0
DA:137,0
DA:138,0
DA:140,0
DA:142,0
DA:143,0
DA:146,0
DA:154,0
DA:155,0
DA:156,0
DA:158,0
DA:162,0
DA:163,0
DA:165,0
DA:167,0
DA:168,0
DA:171,0
DA:185,0
DA:186,0
DA:187,0
DA:189,0
DA:193,0
DA:194,0
DA:196,0
DA:198,0
DA:199,0
DA:202,0
DA:210,0
DA:214,0
DA:215,0
DA:220,0
DA:225,0
DA:226,0
DA:228,0
DA:230,0
DA:231,0
DA:234,0
DA:242,0
DA:243,0
DA:244,0
DA:246,0
DA:250,0
DA:251,0
DA:253,0
DA:255,0
DA:256,0
DA:259,0
DA:267,0
DA:268,0
DA:269,0
DA:271,0
DA:275,0
DA:276,0
DA:278,0
DA:280,0
DA:281,0
DA:284,0
DA:292,0
DA:293,0
DA:294,0
DA:296,0
DA:300,0
DA:301,0
DA:303,0
DA:305,0
DA:306,0
DA:309,0
DA:323,0
DA:324,0
DA:325,0
DA:327,0
DA:331,0
DA:332,0
DA:334,0
DA:336,0
DA:337,0
DA:340,0
DA:348,0
DA:349,0
DA:350,0
DA:352,0
DA:357,0
DA:358,0
DA:360,0
DA:362,0
DA:363,0
DA:366,0
DA:374,0
DA:375,0
DA:376,0
DA:378,0
DA:383,0
DA:384,0
DA:386,0
DA:388,0
DA:389,0
DA:392,0
DA:400,0
DA:403,0
DA:404,0
DA:406,0
DA:411,0
DA:412,0
DA:414,0
DA:416,0
DA:417,0
DA:420,0
LF:140
LH:0
BRDA:49,0,0,0
BRDA:49,0,1,0
BRDA:50,1,0,0
BRDA:50,1,1,0
BRDA:81,2,0,0
BRDA:81,2,1,0
BRDA:82,3,0,0
BRDA:82,3,1,0
BRDA:110,4,0,0
BRDA:110,4,1,0
BRDA:111,5,0,0
BRDA:111,5,1,0
BRDA:142,6,0,0
BRDA:142,6,1,0
BRDA:143,7,0,0
BRDA:143,7,1,0
BRDA:167,8,0,0
BRDA:167,8,1,0
BRDA:168,9,0,0
BRDA:168,9,1,0
BRDA:198,10,0,0
BRDA:198,10,1,0
BRDA:199,11,0,0
BRDA:199,11,1,0
BRDA:230,12,0,0
BRDA:230,12,1,0
BRDA:231,13,0,0
BRDA:231,13,1,0
BRDA:255,14,0,0
BRDA:255,14,1,0
BRDA:256,15,0,0
BRDA:256,15,1,0
BRDA:280,16,0,0
BRDA:280,16,1,0
BRDA:281,17,0,0
BRDA:281,17,1,0
BRDA:305,18,0,0
BRDA:305,18,1,0
BRDA:306,19,0,0
BRDA:306,19,1,0
BRDA:336,20,0,0
BRDA:336,20,1,0
BRDA:337,21,0,0
BRDA:337,21,1,0
BRDA:362,22,0,0
BRDA:362,22,1,0
BRDA:363,23,0,0
BRDA:363,23,1,0
BRDA:388,24,0,0
BRDA:388,24,1,0
BRDA:389,25,0,0
BRDA:389,25,1,0
BRDA:416,26,0,0
BRDA:416,26,1,0
BRDA:417,27,0,0
BRDA:417,27,1,0
BRF:56
BRH:0
end_of_record
TN:
SF:src\servicos\farmacia\farmaciaService.ts
FN:72,(anonymous_0)
FN:113,(anonymous_1)
FN:153,(anonymous_2)
FN:179,(anonymous_3)
FN:199,(anonymous_4)
FNF:5
FNH:0
FNDA:0,(anonymous_0)
FNDA:0,(anonymous_1)
FNDA:0,(anonymous_2)
FNDA:0,(anonymous_3)
FNDA:0,(anonymous_4)
DA:72,0
DA:75,0
DA:76,0
DA:78,0
DA:82,0
DA:84,0
DA:89,0
DA:91,0
DA:94,0
DA:95,0
DA:96,0
DA:105,0
DA:113,0
DA:118,0
DA:119,0
DA:125,0
DA:131,0
DA:133,0
DA:135,0
DA:137,0
DA:140,0
DA:141,0
DA:142,0
DA:145,0
DA:153,0
DA:154,0
DA:155,0
DA:157,0
DA:159,0
DA:161,0
DA:163,0
DA:166,0
DA:167,0
DA:168,0
DA:171,0
DA:179,0
DA:180,0
DA:181,0
DA:183,0
DA:185,0
DA:187,0
DA:189,0
DA:191,0
DA:199,0
DA:203,0
DA:204,0
DA:206,0
DA:211,0
DA:213,0
DA:215,0
DA:217,0
DA:220,0
DA:221,0
DA:222,0
DA:231,0
LF:55
LH:0
BRDA:78,0,0,0
BRDA:78,0,1,0
BRDA:94,1,0,0
BRDA:94,1,1,0
BRDA:105,2,0,0
BRDA:105,2,1,0
BRDA:116,3,0,0
BRDA:140,4,0,0
BRDA:140,4,1,0
BRDA:145,5,0,0
BRDA:145,5,1,0
BRDA:166,6,0,0
BRDA:166,6,1,0
BRDA:171,7,0,0
BRDA:171,7,1,0
BRDA:191,8,0,0
BRDA:191,8,1,0
BRDA:220,9,0,0
BRDA:220,9,1,0
BRDA:231,10,0,0
BRDA:231,10,1,0
BRF:21
BRH:0
end_of_record
TN:
SF:src\servicos\farmacia\pedidoManagementService.ts
FN:16,(anonymous_0)
FN:77,(anonymous_1)
FNF:2
FNH:0
FNDA:0,(anonymous_0)
FNDA:0,(anonymous_1)
DA:16,0
DA:17,0
DA:18,0
DA:20,0
DA:24,0
DA:28,0
DA:30,0
DA:32,0
DA:33,0
DA:34,0
DA:37,0
DA:38,0
DA:39,0
DA:42,0
DA:43,0
DA:44,0
DA:45,0
DA:46,0
DA:47,0
DA:48,0
DA:53,0
DA:57,0
DA:59,0
DA:61,0
DA:62,0
DA:65,0
DA:77,0
DA:81,0
DA:82,0
DA:87,0
DA:89,0
DA:94,0
DA:95,0
DA:97,0
DA:99,0
DA:100,0
DA:103,0
LF:37
LH:0
BRDA:30,0,0,0
BRDA:30,0,1,0
BRDA:32,1,0,0
BRDA:32,1,1,0
BRDA:32,2,0,0
BRDA:32,2,1,0
BRDA:37,3,0,0
BRDA:37,3,1,0
BRDA:42,4,0,0
BRDA:42,4,1,0
BRDA:43,5,0,0
BRDA:43,5,1,0
BRDA:46,6,0,0
BRDA:46,6,1,0
BRDA:46,7,0,0
BRDA:46,7,1,0
BRDA:61,8,0,0
BRDA:61,8,1,0
BRDA:62,9,0,0
BRDA:62,9,1,0
BRDA:99,10,0,0
BRDA:99,10,1,0
BRDA:100,11,0,0
BRDA:100,11,1,0
BRF:24
BRH:0
end_of_record
TN:
SF:src\servicos\pedidos\pedidoService.ts
FN:21,(anonymous_0)
FN:58,(anonymous_1)
FN:126,(anonymous_2)
FN:159,(anonymous_3)
FNF:4
FNH:0
FNDA:0,(anonymous_0)
FNDA:0,(anonymous_1)
FNDA:0,(anonymous_2)
FNDA:0,(anonymous_3)
DA:21,0
DA:22,0
DA:23,0
DA:28,0
DA:33,0
DA:40,0
DA:42,0
DA:44,0
DA:45,0
DA:48,0
DA:58,0
DA:59,0
DA:60,0
DA:62,0
DA:66,0
DA:67,0
DA:68,0
DA:72,0
DA:74,0
DA:77,0
DA:78,0
DA:79,0
DA:86,0
DA:87,0
DA:88,0
DA:95,0
DA:96,0
DA:97,0
DA:103,0
DA:104,0
DA:109,0
DA:111,0
DA:112,0
DA:115,0
DA:126,0
DA:127,0
DA:128,0
DA:130,0
DA:134,0
DA:139,0
DA:141,0
DA:143,0
DA:144,0
DA:147,0
DA:159,0
DA:163,0
DA:164,0
DA:166,0
DA:167,0
DA:168,0
DA:171,0
DA:181,0
DA:182,0
DA:184,0
DA:186,0
DA:187,0
DA:190,0
LF:57
LH:0
BRDA:44,0,0,0
BRDA:44,0,1,0
BRDA:45,1,0,0
BRDA:45,1,1,0
BRDA:72,2,0,0
BRDA:72,2,1,0
BRDA:77,3,0,0
BRDA:77,3,1,0
BRDA:77,4,0,0
BRDA:77,4,1,0
BRDA:81,5,0,0
BRDA:81,5,1,0
BRDA:86,6,0,0
BRDA:86,6,1,0
BRDA:95,7,0,0
BRDA:95,7,1,0
BRDA:95,8,0,0
BRDA:95,8,1,0
BRDA:99,9,0,0
BRDA:99,9,1,0
BRDA:111,10,0,0
BRDA:111,10,1,0
BRDA:112,11,0,0
BRDA:112,11,1,0
BRDA:143,12,0,0
BRDA:143,12,1,0
BRDA:144,13,0,0
BRDA:144,13,1,0
BRDA:166,14,0,0
BRDA:166,14,1,0
BRDA:167,15,0,0
BRDA:167,15,1,0
BRDA:186,16,0,0
BRDA:186,16,1,0
BRDA:187,17,0,0
BRDA:187,17,1,0
BRF:36
BRH:0
end_of_record
TN:
SF:src\servicos\produtos\produtoService.ts
FN:23,(anonymous_0)
FN:42,(anonymous_1)
FN:64,(anonymous_2)
FN:84,(anonymous_3)
FN:96,(anonymous_4)
FN:115,(anonymous_5)
FN:127,(anonymous_6)
FN:151,(anonymous_7)
FN:182,(anonymous_8)
FN:211,(anonymous_9)
FN:225,(anonymous_10)
FN:226,(anonymous_11)
FN:238,(anonymous_12)
FN:264,(anonymous_13)
FNF:14
FNH:0
FNDA:0,(anonymous_0)
FNDA:0,(anonymous_1)
FNDA:0,(anonymous_2)
FNDA:0,(anonymous_3)
FNDA:0,(anonymous_4)
FNDA:0,(anonymous_5)
FNDA:0,(anonymous_6)
FNDA:0,(anonymous_7)
FNDA:0,(anonymous_8)
FNDA:0,(anonymous_9)
FNDA:0,(anonymous_10)
FNDA:0,(anonymous_11)
FNDA:0,(anonymous_12)
FNDA:0,(anonymous_13)
DA:23,0
DA:26,0
DA:27,0
DA:31,0
DA:33,0
DA:34,0
DA:42,0
DA:43,0
DA:45,0
DA:48,0
DA:49,0
DA:50,0
DA:52,0
DA:53,0
DA:56,0
DA:57,0
DA:64,0
DA:68,0
DA:69,0
DA:74,0
DA:76,0
DA:77,0
DA:84,0
DA:85,0
DA:86,0
DA:88,0
DA:89,0
DA:96,0
DA:100,0
DA:101,0
DA:105,0
DA:107,0
DA:108,0
DA:115,0
DA:116,0
DA:117,0
DA:119,0
DA:120,0
DA:127,0
DA:128,0
DA:129,0
DA:133,0
DA:135,0
DA:138,0
DA:139,0
DA:140,0
DA:143,0
DA:151,0
DA:152,0
DA:153,0
DA:156,0
DA:160,0
DA:162,0
DA:164,0
DA:166,0
DA:169,0
DA:170,0
DA:171,0
DA:174,0
DA:182,0
DA:183,0
DA:184,0
DA:186,0
DA:190,0
DA:191,0
DA:193,0
DA:195,0
DA:198,0
DA:199,0
DA:200,0
DA:203,0
DA:211,0
DA:215,0
DA:216,0
DA:219,0
DA:222,0
DA:223,0
DA:224,0
DA:225,0
DA:226,0
DA:229,0
DA:234,0
DA:238,0
DA:264,0
DA:266,0
DA:271,0
DA:276,0
DA:279,0
LF:88
LH:0
BRDA:27,0,0,0
BRDA:27,0,1,0
BRDA:48,1,0,0
BRDA:48,1,1,0
BRDA:101,2,0,0
BRDA:101,2,1,0
BRDA:129,3,0,0
BRDA:129,3,1,0
BRDA:138,4,0,0
BRDA:138,4,1,0
BRDA:156,5,0,0
BRDA:156,5,1,0
BRDA:169,6,0,0
BRDA:169,6,1,0
BRDA:174,7,0,0
BRDA:174,7,1,0
BRDA:182,8,0,0
BRDA:186,9,0,0
BRDA:186,9,1,0
BRDA:198,10,0,0
BRDA:198,10,1,0
BRDA:198,11,0,0
BRDA:198,11,1,0
BRDA:222,12,0,0
BRDA:222,12,1,0
BRDA:239,13,0,0
BRDA:239,13,1,0
BRDA:240,14,0,0
BRDA:240,14,1,0
BRDA:241,15,0,0
BRDA:241,15,1,0
BRDA:241,15,2,0
BRDA:264,16,0,0
BRDA:264,16,1,0
BRF:34
BRH:0
end_of_record
TN:
SF:src\servicos\publico\publicoService.ts
FN:43,(anonymous_0)
FN:70,(anonymous_1)
FN:94,(anonymous_2)
FN:121,(anonymous_3)
FN:154,(anonymous_4)
FN:181,(anonymous_5)
FN:208,(anonymous_6)
FN:246,(anonymous_7)
FN:270,(anonymous_8)
FN:280,(anonymous_9)
FN:293,(anonymous_10)
FN:306,(anonymous_11)
FN:319,(anonymous_12)
FN:321,(anonymous_13)
FN:337,(anonymous_14)
FNF:15
FNH:0
FNDA:0,(anonymous_0)
FNDA:0,(anonymous_1)
FNDA:0,(anonymous_2)
FNDA:0,(anonymous_3)
FNDA:0,(anonymous_4)
FNDA:0,(anonymous_5)
FNDA:0,(anonymous_6)
FNDA:0,(anonymous_7)
FNDA:0,(anonymous_8)
FNDA:0,(anonymous_9)
FNDA:0,(anonymous_10)
FNDA:0,(anonymous_11)
FNDA:0,(anonymous_12)
FNDA:0,(anonymous_13)
FNDA:0,(anonymous_14)
DA:43,0
DA:44,0
DA:45,0
DA:47,0
DA:50,0
DA:52,0
DA:53,0
DA:55,0
DA:57,0
DA:58,0
DA:59,0
DA:62,0
DA:70,0
DA:71,0
DA:72,0
DA:74,0
DA:76,0
DA:77,0
DA:79,0
DA:80,0
DA:94,0
DA:95,0
DA:96,0
DA:98,0
DA:101,0
DA:103,0
DA:104,0
DA:106,0
DA:108,0
DA:109,0
DA:110,0
DA:113,0
DA:121,0
DA:122,0
DA:123,0
DA:125,0
DA:127,0
DA:128,0
DA:130,0
DA:131,0
DA:154,0
DA:157,0
DA:158,0
DA:160,0
DA:161,0
DA:163,0
DA:164,0
DA:166,0
DA:168,0
DA:169,0
DA:170,0
DA:173,0
DA:181,0
DA:182,0
DA:183,0
DA:185,0
DA:188,0
DA:190,0
DA:191,0
DA:193,0
DA:195,0
DA:196,0
DA:197,0
DA:200,0
DA:208,0
DA:209,0
DA:210,0
DA:212,0
DA:215,0
DA:217,0
DA:218,0
DA:219,0
DA:222,0
DA:225,0
DA:226,0
DA:229,0
DA:231,0
DA:233,0
DA:234,0
DA:235,0
DA:238,0
DA:246,0
DA:247,0
DA:248,0
DA:250,0
DA:252,0
DA:253,0
DA:255,0
DA:256,0
DA:270,0
DA:273,0
DA:274,0
DA:276,0
DA:279,0
DA:281,0
DA:283,0
DA:285,0
DA:293,0
DA:295,0
DA:296,0
DA:298,0
DA:299,0
DA:306,0
DA:314,0
DA:315,0
DA:317,0
DA:319,0
DA:321,0
DA:323,0
DA:324,0
DA:326,0
DA:328,0
DA:337,0
DA:339,0
DA:340,0
DA:342,0
DA:343,0
LF:117
LH:0
BRDA:50,0,0,0
BRDA:50,0,1,0
BRDA:52,1,0,0
BRDA:52,1,1,0
BRDA:53,2,0,0
BRDA:53,2,1,0
BRDA:57,3,0,0
BRDA:57,3,1,0
BRDA:62,4,0,0
BRDA:62,4,1,0
BRDA:80,5,0,0
BRDA:80,5,1,0
BRDA:101,6,0,0
BRDA:101,6,1,0
BRDA:103,7,0,0
BRDA:103,7,1,0
BRDA:104,8,0,0
BRDA:104,8,1,0
BRDA:108,9,0,0
BRDA:108,9,1,0
BRDA:113,10,0,0
BRDA:113,10,1,0
BRDA:131,11,0,0
BRDA:131,11,1,0
BRDA:168,12,0,0
BRDA:168,12,1,0
BRDA:173,13,0,0
BRDA:173,13,1,0
BRDA:188,14,0,0
BRDA:188,14,1,0
BRDA:190,15,0,0
BRDA:190,15,1,0
BRDA:191,16,0,0
BRDA:191,16,1,0
BRDA:195,17,0,0
BRDA:195,17,1,0
BRDA:200,18,0,0
BRDA:200,18,1,0
BRDA:215,19,0,0
BRDA:215,19,1,0
BRDA:217,20,0,0
BRDA:217,20,1,0
BRDA:225,21,0,0
BRDA:225,21,1,0
BRDA:233,22,0,0
BRDA:233,22,1,0
BRDA:238,23,0,0
BRDA:238,23,1,0
BRDA:256,24,0,0
BRDA:256,24,1,0
BRF:50
BRH:0
end_of_record
TN:
SF:src\servicos\types\admin.types.ts
FNF:0
FNH:0
LF:0
LH:0
BRF:0
BRH:0
end_of_record
TN:
SF:src\servicos\types\api.types.ts
FNF:0
FNH:0
LF:0
LH:0
BRF:0
BRH:0
end_of_record
TN:
SF:src\servicos\usuario\usuarioService.ts
FN:25,(anonymous_0)
FN:105,(anonymous_1)
FN:119,(anonymous_2)
FN:133,(anonymous_3)
FN:145,(anonymous_4)
FN:174,(anonymous_5)
FN:186,(anonymous_6)
FN:198,(anonymous_7)
FN:213,(anonymous_8)
FN:225,(anonymous_9)
FNF:10
FNH:0
FNDA:0,(anonymous_0)
FNDA:0,(anonymous_1)
FNDA:0,(anonymous_2)
FNDA:0,(anonymous_3)
FNDA:0,(anonymous_4)
FNDA:0,(anonymous_5)
FNDA:0,(anonymous_6)
FNDA:0,(anonymous_7)
FNDA:0,(anonymous_8)
FNDA:0,(anonymous_9)
DA:25,0
DA:26,0
DA:27,0
DA:29,0
DA:33,0
DA:38,0
DA:39,0
DA:41,0
DA:42,0
DA:43,0
DA:44,0
DA:45,0
DA:46,0
DA:49,0
DA:60,0
DA:62,0
DA:63,0
DA:65,0
DA:68,0
DA:69,0
DA:71,0
DA:81,0
DA:82,0
DA:83,0
DA:87,0
DA:88,0
DA:89,0
DA:91,0
DA:92,0
DA:93,0
DA:97,0
DA:98,0
DA:105,0
DA:106,0
DA:107,0
DA:108,0
DA:109,0
DA:111,0
DA:112,0
DA:119,0
DA:120,0
DA:121,0
DA:122,0
DA:123,0
DA:125,0
DA:126,0
DA:133,0
DA:134,0
DA:135,0
DA:137,0
DA:138,0
DA:145,0
DA:146,0
DA:148,0
DA:149,0
DA:155,0
DA:161,0
DA:162,0
DA:164,0
DA:165,0
DA:174,0
DA:175,0
DA:176,0
DA:178,0
DA:179,0
DA:186,0
DA:187,0
DA:188,0
DA:190,0
DA:191,0
DA:198,0
DA:202,0
DA:203,0
DA:205,0
DA:206,0
DA:213,0
DA:214,0
DA:215,0
DA:217,0
DA:218,0
DA:225,0
DA:226,0
DA:227,0
DA:229,0
DA:230,0
LF:85
LH:0
BRDA:33,0,0,0
BRDA:33,0,1,0
BRDA:33,1,0,0
BRDA:33,1,1,0
BRDA:41,2,0,0
BRDA:41,2,1,0
BRDA:43,3,0,0
BRDA:43,3,1,0
BRDA:45,4,0,0
BRDA:45,4,1,0
BRDA:68,5,0,0
BRDA:68,5,1,0
BRDA:72,6,0,0
BRDA:72,6,1,0
BRDA:72,6,2,0
BRDA:73,7,0,0
BRDA:73,7,1,0
BRDA:73,7,2,0
BRDA:74,8,0,0
BRDA:74,8,1,0
BRDA:74,8,2,0
BRDA:75,9,0,0
BRDA:75,9,1,0
BRDA:75,9,2,0
BRDA:76,10,0,0
BRDA:76,10,1,0
BRDA:91,11,0,0
BRDA:91,11,1,0
BRF:28
BRH:0
end_of_record
TN:
SF:src\tipos\EntidadeBase.ts
FN:11,(anonymous_0)
FN:15,(anonymous_1)
FN:19,(anonymous_2)
FN:23,(anonymous_3)
FN:30,(anonymous_4)
FNF:5
FNH:0
FNDA:0,(anonymous_0)
FNDA:0,(anonymous_1)
FNDA:0,(anonymous_2)
FNDA:0,(anonymous_3)
FNDA:0,(anonymous_4)
DA:12,0
DA:16,0
DA:20,0
DA:24,0
DA:31,0
LF:5
LH:0
BRF:0
BRH:0
end_of_record
